TpTrace Verbose: 0 : 21728, 1, 2021/10/06, 19:07:44.989, 1175942484366, vstest.console.dll, Version: 16.11.0-release-20210730-02
TpTrace Information: 0 : 21728, 1, 2021/10/06, 19:07:44.995, 1175942535655, vstest.console.dll, FilePatternParser: The given file D:\LabWebApp\xUnitTestProject\bin\Debug\net5.0\fine-code-coverage\build-output\xUnitTestProject.dll is a full path.
TpTrace Verbose: 0 : 21728, 1, 2021/10/06, 19:07:44.999, 1175942580515, vstest.console.dll, TestPluginCache.DiscoverTestExtensions: finding test extensions in assemblies ends with: RuntimeProvider.dll TPluginInfo: Microsoft.VisualStudio.TestPlatform.Common.ExtensionFramework.Utilities.TestRuntimePluginInformation TExtension: Microsoft.VisualStudio.TestPlatform.ObjectModel.Host.ITestRuntimeProvider
TpTrace Verbose: 0 : 21728, 1, 2021/10/06, 19:07:45.001, 1175942597665, vstest.console.dll, TestPluginCache.GetExtensionPaths: Filtered extension paths: 
TpTrace Verbose: 0 : 21728, 1, 2021/10/06, 19:07:45.001, 1175942598423, vstest.console.dll, TestPluginCache.GetExtensionPaths: Added default extension paths: C:\Program Files\dotnet\sdk\5.0.401\Extensions\Microsoft.Diagnostics.NETCore.Client.dll
C:\Program Files\dotnet\sdk\5.0.401\Extensions\Microsoft.TestPlatform.Extensions.BlameDataCollector.dll
C:\Program Files\dotnet\sdk\5.0.401\Extensions\Microsoft.TestPlatform.Extensions.EventLogCollector.dll
C:\Program Files\dotnet\sdk\5.0.401\Extensions\Microsoft.TestPlatform.TestHostRuntimeProvider.dll
C:\Program Files\dotnet\sdk\5.0.401\Extensions\Microsoft.VisualStudio.TestPlatform.Extensions.Html.TestLogger.dll
C:\Program Files\dotnet\sdk\5.0.401\Extensions\Microsoft.VisualStudio.TestPlatform.Extensions.Trx.TestLogger.dll
TpTrace Verbose: 0 : 21728, 1, 2021/10/06, 19:07:45.001, 1175942598720, vstest.console.dll, TestPluginCache.GetExtensionPaths: Added unfilterableExtensionPaths: 
TpTrace Information: 0 : 21728, 1, 2021/10/06, 19:07:45.002, 1175942604149, vstest.console.dll, AssemblyResolver.ctor: Creating AssemblyResolver with searchDirectories C:\Program Files\dotnet\sdk\5.0.401\Extensions,C:\Program Files\dotnet\sdk\5.0.401
TpTrace Verbose: 0 : 21728, 1, 2021/10/06, 19:07:45.002, 1175942610381, vstest.console.dll, TestPluginCache.DiscoverTestExtensions: Discovering the extensions using extension path.
TpTrace Verbose: 0 : 21728, 1, 2021/10/06, 19:07:45.002, 1175942611213, vstest.console.dll, TestPluginCache.GetExtensionPaths: Filtered extension paths: 
TpTrace Verbose: 0 : 21728, 1, 2021/10/06, 19:07:45.002, 1175942611525, vstest.console.dll, TestPluginCache.GetExtensionPaths: Added default extension paths: C:\Program Files\dotnet\sdk\5.0.401\Extensions\Microsoft.Diagnostics.NETCore.Client.dll
C:\Program Files\dotnet\sdk\5.0.401\Extensions\Microsoft.TestPlatform.Extensions.BlameDataCollector.dll
C:\Program Files\dotnet\sdk\5.0.401\Extensions\Microsoft.TestPlatform.Extensions.EventLogCollector.dll
C:\Program Files\dotnet\sdk\5.0.401\Extensions\Microsoft.TestPlatform.TestHostRuntimeProvider.dll
C:\Program Files\dotnet\sdk\5.0.401\Extensions\Microsoft.VisualStudio.TestPlatform.Extensions.Html.TestLogger.dll
C:\Program Files\dotnet\sdk\5.0.401\Extensions\Microsoft.VisualStudio.TestPlatform.Extensions.Trx.TestLogger.dll
TpTrace Verbose: 0 : 21728, 1, 2021/10/06, 19:07:45.002, 1175942611753, vstest.console.dll, TestPluginCache.GetExtensionPaths: Added unfilterableExtensionPaths: 
TpTrace Verbose: 0 : 21728, 1, 2021/10/06, 19:07:45.002, 1175942612205, vstest.console.dll, TestPluginCache.DiscoverTestExtensions: Discovering the extensions using allExtensionPaths: C:\Program Files\dotnet\sdk\5.0.401\Extensions\Microsoft.Diagnostics.NETCore.Client.dll
C:\Program Files\dotnet\sdk\5.0.401\Extensions\Microsoft.TestPlatform.Extensions.BlameDataCollector.dll
C:\Program Files\dotnet\sdk\5.0.401\Extensions\Microsoft.TestPlatform.Extensions.EventLogCollector.dll
C:\Program Files\dotnet\sdk\5.0.401\Extensions\Microsoft.TestPlatform.TestHostRuntimeProvider.dll
C:\Program Files\dotnet\sdk\5.0.401\Extensions\Microsoft.VisualStudio.TestPlatform.Extensions.Html.TestLogger.dll
C:\Program Files\dotnet\sdk\5.0.401\Extensions\Microsoft.VisualStudio.TestPlatform.Extensions.Trx.TestLogger.dll
TpTrace Information: 0 : 21728, 1, 2021/10/06, 19:07:45.003, 1175942613265, vstest.console.dll, AssemblyResolver.AddSearchDirectories: Adding more searchDirectories C:\Program Files\dotnet\sdk\5.0.401\Extensions,C:\Program Files\dotnet\sdk\5.0.401
TpTrace Information: 0 : 21728, 1, 2021/10/06, 19:07:45.003, 1175942613721, vstest.console.dll, AssemblyResolver.AddSearchDirectories: Adding more searchDirectories C:\Program Files\dotnet\sdk\5.0.401\Extensions,C:\Program Files\dotnet\sdk\5.0.401
TpTrace Information: 0 : 21728, 1, 2021/10/06, 19:07:45.003, 1175942614010, vstest.console.dll, AssemblyResolver.AddSearchDirectories: Adding more searchDirectories C:\Program Files\dotnet\sdk\5.0.401\Extensions,C:\Program Files\dotnet\sdk\5.0.401
TpTrace Information: 0 : 21728, 1, 2021/10/06, 19:07:45.003, 1175942614233, vstest.console.dll, AssemblyResolver.AddSearchDirectories: Adding more searchDirectories C:\Program Files\dotnet\sdk\5.0.401\Extensions,C:\Program Files\dotnet\sdk\5.0.401
TpTrace Information: 0 : 21728, 1, 2021/10/06, 19:07:45.003, 1175942614484, vstest.console.dll, AssemblyResolver.AddSearchDirectories: Adding more searchDirectories C:\Program Files\dotnet\sdk\5.0.401\Extensions,C:\Program Files\dotnet\sdk\5.0.401
TpTrace Information: 0 : 21728, 1, 2021/10/06, 19:07:45.003, 1175942614693, vstest.console.dll, AssemblyResolver.AddSearchDirectories: Adding more searchDirectories C:\Program Files\dotnet\sdk\5.0.401\Extensions,C:\Program Files\dotnet\sdk\5.0.401
TpTrace Information: 0 : 21728, 1, 2021/10/06, 19:07:45.003, 1175942617060, vstest.console.dll, AssemblyResolver.OnResolve: Microsoft.Diagnostics.NETCore.Client: Resolving assembly.
TpTrace Information: 0 : 21728, 1, 2021/10/06, 19:07:45.003, 1175942617512, vstest.console.dll, AssemblyResolver.OnResolve: Microsoft.Diagnostics.NETCore.Client: Searching in: 'C:\Program Files\dotnet\sdk\5.0.401\Extensions'.
TpTrace Information: 0 : 21728, 1, 2021/10/06, 19:07:45.003, 1175942619998, vstest.console.dll, AssemblyResolver.OnResolve: Microsoft.Diagnostics.NETCore.Client: Loading assembly 'C:\Program Files\dotnet\sdk\5.0.401\Extensions\Microsoft.Diagnostics.NETCore.Client.dll'.
TpTrace Information: 0 : 21728, 1, 2021/10/06, 19:07:45.004, 1175942624251, vstest.console.dll, AssemblyResolver.OnResolve: Resolved assembly: Microsoft.Diagnostics.NETCore.Client, from path: C:\Program Files\dotnet\sdk\5.0.401\Extensions\Microsoft.Diagnostics.NETCore.Client.dll
TpTrace Information: 0 : 21728, 1, 2021/10/06, 19:07:45.005, 1175942641808, vstest.console.dll, AssemblyResolver.OnResolve: Microsoft.Bcl.AsyncInterfaces: Resolving assembly.
TpTrace Information: 0 : 21728, 1, 2021/10/06, 19:07:45.005, 1175942642237, vstest.console.dll, AssemblyResolver.OnResolve: Microsoft.Bcl.AsyncInterfaces: Searching in: 'C:\Program Files\dotnet\sdk\5.0.401\Extensions'.
TpTrace Information: 0 : 21728, 1, 2021/10/06, 19:07:45.006, 1175942642797, vstest.console.dll, AssemblyResolver.OnResolve: Microsoft.Bcl.AsyncInterfaces: Assembly path does not exist: 'C:\Program Files\dotnet\sdk\5.0.401\Extensions\Microsoft.Bcl.AsyncInterfaces.dll', returning.
TpTrace Information: 0 : 21728, 1, 2021/10/06, 19:07:45.006, 1175942643344, vstest.console.dll, AssemblyResolver.OnResolve: Microsoft.Bcl.AsyncInterfaces: Assembly path does not exist: 'C:\Program Files\dotnet\sdk\5.0.401\Extensions\Microsoft.Bcl.AsyncInterfaces.exe', returning.
TpTrace Information: 0 : 21728, 1, 2021/10/06, 19:07:45.006, 1175942643594, vstest.console.dll, AssemblyResolver.OnResolve: Microsoft.Bcl.AsyncInterfaces: Searching in: 'C:\Program Files\dotnet\sdk\5.0.401'.
TpTrace Information: 0 : 21728, 1, 2021/10/06, 19:07:45.006, 1175942644065, vstest.console.dll, AssemblyResolver.OnResolve: Microsoft.Bcl.AsyncInterfaces: Assembly path does not exist: 'C:\Program Files\dotnet\sdk\5.0.401\Microsoft.Bcl.AsyncInterfaces.dll', returning.
TpTrace Information: 0 : 21728, 1, 2021/10/06, 19:07:45.006, 1175942644520, vstest.console.dll, AssemblyResolver.OnResolve: Microsoft.Bcl.AsyncInterfaces: Assembly path does not exist: 'C:\Program Files\dotnet\sdk\5.0.401\Microsoft.Bcl.AsyncInterfaces.exe', returning.
TpTrace Information: 0 : 21728, 1, 2021/10/06, 19:07:45.006, 1175942645028, vstest.console.dll, AssemblyResolver.OnResolve: Microsoft.Bcl.AsyncInterfaces: Failed to load assembly.
TpTrace Verbose: 0 : 21728, 1, 2021/10/06, 19:07:45.006, 1175942645352, vstest.console.dll, CurrentDomainAssemblyResolve: Resolving assembly 'Microsoft.Bcl.AsyncInterfaces'.
TpTrace Information: 0 : 21728, 1, 2021/10/06, 19:07:45.006, 1175942645768, vstest.console.dll, AssemblyResolver.OnResolve: Microsoft.Bcl.AsyncInterfaces: Resolving assembly.
TpTrace Information: 0 : 21728, 1, 2021/10/06, 19:07:45.006, 1175942646036, vstest.console.dll, AssemblyResolver.OnResolve: Microsoft.Bcl.AsyncInterfaces: Resolved from cache.
TpTrace Verbose: 0 : 21728, 1, 2021/10/06, 19:07:45.006, 1175942646282, vstest.console.dll, CurrentDomainAssemblyResolve: Resolving assembly 'Microsoft.Bcl.AsyncInterfaces'.
TpTrace Verbose: 0 : 21728, 1, 2021/10/06, 19:07:45.006, 1175942646533, vstest.console.dll, CurrentDomainAssemblyResolve: Failed to resolve assembly 'Microsoft.Bcl.AsyncInterfaces'.
TpTrace Verbose: 0 : 21728, 1, 2021/10/06, 19:07:45.006, 1175942651183, vstest.console.dll, CurrentDomainAssemblyResolve: Failed to resolve assembly 'Microsoft.Bcl.AsyncInterfaces'.
TpTrace Warning: 0 : 21728, 1, 2021/10/06, 19:07:45.015, 1175942742007, vstest.console.dll, TestPluginDiscoverer: Failed to get types from assembly 'Microsoft.Diagnostics.NETCore.Client, Version=0.2.2.41902, Culture=neutral, PublicKeyToken=31bf3856ad364e35'.  Skipping test extension scan for this assembly.  Error: System.Reflection.ReflectionTypeLoadException: Unable to load one or more of the requested types.
Could not load file or assembly 'Microsoft.Bcl.AsyncInterfaces, Version=1.0.0.0, Culture=neutral, PublicKeyToken=cc7b13ffcd2ddd51'. The system cannot find the file specified.
   at System.Reflection.RuntimeModule.GetTypes(RuntimeModule module)
   at System.Reflection.RuntimeModule.GetTypes()
   at System.Reflection.Assembly.GetTypes()
   at Microsoft.VisualStudio.TestPlatform.Common.ExtensionFramework.TestPluginDiscoverer.GetTestExtensionsFromAssembly[TPluginInfo,TExtension](Assembly assembly, Dictionary`2 pluginInfos)
System.IO.FileNotFoundException: Could not load file or assembly 'Microsoft.Bcl.AsyncInterfaces, Version=1.0.0.0, Culture=neutral, PublicKeyToken=cc7b13ffcd2ddd51'. The system cannot find the file specified.
File name: 'Microsoft.Bcl.AsyncInterfaces, Version=1.0.0.0, Culture=neutral, PublicKeyToken=cc7b13ffcd2ddd51'
TpTrace Warning: 0 : 21728, 1, 2021/10/06, 19:07:45.016, 1175942742689, vstest.console.dll, LoaderExceptions: System.IO.FileNotFoundException: Could not load file or assembly 'Microsoft.Bcl.AsyncInterfaces, Version=1.0.0.0, Culture=neutral, PublicKeyToken=cc7b13ffcd2ddd51'. The system cannot find the file specified.
File name: 'Microsoft.Bcl.AsyncInterfaces, Version=1.0.0.0, Culture=neutral, PublicKeyToken=cc7b13ffcd2ddd51'
TpTrace Information: 0 : 21728, 1, 2021/10/06, 19:07:45.016, 1175942743402, vstest.console.dll, AssemblyResolver.OnResolve: Microsoft.TestPlatform.Extensions.BlameDataCollector: Resolving assembly.
TpTrace Information: 0 : 21728, 1, 2021/10/06, 19:07:45.016, 1175942743699, vstest.console.dll, AssemblyResolver.OnResolve: Microsoft.TestPlatform.Extensions.BlameDataCollector: Searching in: 'C:\Program Files\dotnet\sdk\5.0.401\Extensions'.
TpTrace Information: 0 : 21728, 1, 2021/10/06, 19:07:45.016, 1175942745383, vstest.console.dll, AssemblyResolver.OnResolve: Microsoft.TestPlatform.Extensions.BlameDataCollector: Loading assembly 'C:\Program Files\dotnet\sdk\5.0.401\Extensions\Microsoft.TestPlatform.Extensions.BlameDataCollector.dll'.
TpTrace Information: 0 : 21728, 1, 2021/10/06, 19:07:45.016, 1175942748491, vstest.console.dll, AssemblyResolver.OnResolve: Resolved assembly: Microsoft.TestPlatform.Extensions.BlameDataCollector, from path: C:\Program Files\dotnet\sdk\5.0.401\Extensions\Microsoft.TestPlatform.Extensions.BlameDataCollector.dll
TpTrace Information: 0 : 21728, 1, 2021/10/06, 19:07:45.016, 1175942752394, vstest.console.dll, AssemblyResolver.OnResolve: Microsoft.TestPlatform.Extensions.EventLogCollector: Resolving assembly.
TpTrace Information: 0 : 21728, 1, 2021/10/06, 19:07:45.017, 1175942752796, vstest.console.dll, AssemblyResolver.OnResolve: Microsoft.TestPlatform.Extensions.EventLogCollector: Searching in: 'C:\Program Files\dotnet\sdk\5.0.401\Extensions'.
TpTrace Information: 0 : 21728, 1, 2021/10/06, 19:07:45.017, 1175942754317, vstest.console.dll, AssemblyResolver.OnResolve: Microsoft.TestPlatform.Extensions.EventLogCollector: Loading assembly 'C:\Program Files\dotnet\sdk\5.0.401\Extensions\Microsoft.TestPlatform.Extensions.EventLogCollector.dll'.
TpTrace Information: 0 : 21728, 1, 2021/10/06, 19:07:45.017, 1175942756777, vstest.console.dll, AssemblyResolver.OnResolve: Resolved assembly: Microsoft.TestPlatform.Extensions.EventLogCollector, from path: C:\Program Files\dotnet\sdk\5.0.401\Extensions\Microsoft.TestPlatform.Extensions.EventLogCollector.dll
TpTrace Information: 0 : 21728, 1, 2021/10/06, 19:07:45.018, 1175942766424, vstest.console.dll, AssemblyResolver.OnResolve: Microsoft.TestPlatform.TestHostRuntimeProvider: Resolving assembly.
TpTrace Information: 0 : 21728, 1, 2021/10/06, 19:07:45.018, 1175942766831, vstest.console.dll, AssemblyResolver.OnResolve: Microsoft.TestPlatform.TestHostRuntimeProvider: Searching in: 'C:\Program Files\dotnet\sdk\5.0.401\Extensions'.
TpTrace Information: 0 : 21728, 1, 2021/10/06, 19:07:45.018, 1175942768379, vstest.console.dll, AssemblyResolver.OnResolve: Microsoft.TestPlatform.TestHostRuntimeProvider: Loading assembly 'C:\Program Files\dotnet\sdk\5.0.401\Extensions\Microsoft.TestPlatform.TestHostRuntimeProvider.dll'.
TpTrace Information: 0 : 21728, 1, 2021/10/06, 19:07:45.018, 1175942771100, vstest.console.dll, AssemblyResolver.OnResolve: Resolved assembly: Microsoft.TestPlatform.TestHostRuntimeProvider, from path: C:\Program Files\dotnet\sdk\5.0.401\Extensions\Microsoft.TestPlatform.TestHostRuntimeProvider.dll
TpTrace Information: 0 : 21728, 1, 2021/10/06, 19:07:45.019, 1175942778531, vstest.console.dll, AssemblyResolver.OnResolve: Microsoft.VisualStudio.TestPlatform.Extensions.Html.TestLogger: Resolving assembly.
TpTrace Information: 0 : 21728, 1, 2021/10/06, 19:07:45.019, 1175942778929, vstest.console.dll, AssemblyResolver.OnResolve: Microsoft.VisualStudio.TestPlatform.Extensions.Html.TestLogger: Searching in: 'C:\Program Files\dotnet\sdk\5.0.401\Extensions'.
TpTrace Information: 0 : 21728, 1, 2021/10/06, 19:07:45.019, 1175942780439, vstest.console.dll, AssemblyResolver.OnResolve: Microsoft.VisualStudio.TestPlatform.Extensions.Html.TestLogger: Loading assembly 'C:\Program Files\dotnet\sdk\5.0.401\Extensions\Microsoft.VisualStudio.TestPlatform.Extensions.Html.TestLogger.dll'.
TpTrace Information: 0 : 21728, 1, 2021/10/06, 19:07:45.020, 1175942783133, vstest.console.dll, AssemblyResolver.OnResolve: Resolved assembly: Microsoft.VisualStudio.TestPlatform.Extensions.Html.TestLogger, from path: C:\Program Files\dotnet\sdk\5.0.401\Extensions\Microsoft.VisualStudio.TestPlatform.Extensions.Html.TestLogger.dll
TpTrace Information: 0 : 21728, 1, 2021/10/06, 19:07:45.020, 1175942785070, vstest.console.dll, AssemblyResolver.OnResolve: Microsoft.VisualStudio.TestPlatform.Extensions.Trx.TestLogger: Resolving assembly.
TpTrace Information: 0 : 21728, 1, 2021/10/06, 19:07:45.020, 1175942785430, vstest.console.dll, AssemblyResolver.OnResolve: Microsoft.VisualStudio.TestPlatform.Extensions.Trx.TestLogger: Searching in: 'C:\Program Files\dotnet\sdk\5.0.401\Extensions'.
TpTrace Information: 0 : 21728, 1, 2021/10/06, 19:07:45.020, 1175942787008, vstest.console.dll, AssemblyResolver.OnResolve: Microsoft.VisualStudio.TestPlatform.Extensions.Trx.TestLogger: Loading assembly 'C:\Program Files\dotnet\sdk\5.0.401\Extensions\Microsoft.VisualStudio.TestPlatform.Extensions.Trx.TestLogger.dll'.
TpTrace Information: 0 : 21728, 1, 2021/10/06, 19:07:45.020, 1175942790016, vstest.console.dll, AssemblyResolver.OnResolve: Resolved assembly: Microsoft.VisualStudio.TestPlatform.Extensions.Trx.TestLogger, from path: C:\Program Files\dotnet\sdk\5.0.401\Extensions\Microsoft.VisualStudio.TestPlatform.Extensions.Trx.TestLogger.dll
TpTrace Verbose: 0 : 21728, 1, 2021/10/06, 19:07:45.021, 1175942793650, vstest.console.dll, TestPluginCache: Discovered the extensions using extension path ''.
TpTrace Verbose: 0 : 21728, 1, 2021/10/06, 19:07:45.021, 1175942794056, vstest.console.dll, TestPluginCache: Discoverers are ''.
TpTrace Verbose: 0 : 21728, 1, 2021/10/06, 19:07:45.021, 1175942794274, vstest.console.dll, TestPluginCache: Executors are ''.
TpTrace Verbose: 0 : 21728, 1, 2021/10/06, 19:07:45.021, 1175942794450, vstest.console.dll, TestPluginCache: Executors2 are ''.
TpTrace Verbose: 0 : 21728, 1, 2021/10/06, 19:07:45.021, 1175942794622, vstest.console.dll, TestPluginCache: Setting providers are ''.
TpTrace Verbose: 0 : 21728, 1, 2021/10/06, 19:07:45.021, 1175942794792, vstest.console.dll, TestPluginCache: Loggers are ''.
TpTrace Information: 0 : 21728, 1, 2021/10/06, 19:07:45.024, 1175942826727, vstest.console.dll, RunTestsArgumentProcessor:Execute: Test run is starting.
TpTrace Verbose: 0 : 21728, 1, 2021/10/06, 19:07:45.024, 1175942827300, vstest.console.dll, RunTestsArgumentProcessor:Execute: Queuing Test run.
TpTrace Information: 0 : 21728, 1, 2021/10/06, 19:07:45.024, 1175942828628, vstest.console.dll, TestRequestManager.RunTests: run tests started.
TpTrace Information: 0 : 21728, 1, 2021/10/06, 19:07:45.033, 1175942916829, vstest.console.dll, AssemblyMetadataProvider.GetFrameWork: Determined framework:'.NETCoreApp,Version=v5.0' for source: 'D:\LabWebApp\xUnitTestProject\bin\Debug\net5.0\fine-code-coverage\build-output\xUnitTestProject.dll'
TpTrace Information: 0 : 21728, 1, 2021/10/06, 19:07:45.033, 1175942918329, vstest.console.dll, Determined framework for all sources: .NETCoreApp,Version=v5.0
TpTrace Information: 0 : 21728, 1, 2021/10/06, 19:07:45.033, 1175942921198, vstest.console.dll, AssemblyMetadataProvider.GetArchitecture: Determined architecture:AnyCPU info for assembly: D:\LabWebApp\xUnitTestProject\bin\Debug\net5.0\fine-code-coverage\build-output\xUnitTestProject.dll
TpTrace Information: 0 : 21728, 1, 2021/10/06, 19:07:45.035, 1175942934468, vstest.console.dll, Determined platform for all sources: X64
TpTrace Information: 0 : 21728, 1, 2021/10/06, 19:07:45.037, 1175942953257, vstest.console.dll, Compatible sources list : 
TpTrace Information: 0 : 21728, 1, 2021/10/06, 19:07:45.037, 1175942953789, vstest.console.dll, D:\LabWebApp\xUnitTestProject\bin\Debug\net5.0\fine-code-coverage\build-output\xUnitTestProject.dll
TpTrace Information: 0 : 21728, 1, 2021/10/06, 19:07:45.038, 1175942967987, vstest.console.dll, InferRunSettingsHelper.IsTestSettingsEnabled: Unable to navigate to RunSettings/MSTest. Current node: RunSettings
TpTrace Information: 0 : 21728, 1, 2021/10/06, 19:07:45.038, 1175942972267, vstest.console.dll, AssemblyResolver.OnResolve: Microsoft.VisualStudio.TestPlatform.Fakes: Resolving assembly.
TpTrace Information: 0 : 21728, 1, 2021/10/06, 19:07:45.039, 1175942972723, vstest.console.dll, AssemblyResolver.OnResolve: Microsoft.VisualStudio.TestPlatform.Fakes: Searching in: 'C:\Program Files\dotnet\sdk\5.0.401\Extensions'.
TpTrace Information: 0 : 21728, 1, 2021/10/06, 19:07:45.039, 1175942973485, vstest.console.dll, AssemblyResolver.OnResolve: Microsoft.VisualStudio.TestPlatform.Fakes: Assembly path does not exist: 'C:\Program Files\dotnet\sdk\5.0.401\Extensions\Microsoft.VisualStudio.TestPlatform.Fakes.dll', returning.
TpTrace Information: 0 : 21728, 1, 2021/10/06, 19:07:45.039, 1175942974003, vstest.console.dll, AssemblyResolver.OnResolve: Microsoft.VisualStudio.TestPlatform.Fakes: Assembly path does not exist: 'C:\Program Files\dotnet\sdk\5.0.401\Extensions\Microsoft.VisualStudio.TestPlatform.Fakes.exe', returning.
TpTrace Information: 0 : 21728, 1, 2021/10/06, 19:07:45.039, 1175942974236, vstest.console.dll, AssemblyResolver.OnResolve: Microsoft.VisualStudio.TestPlatform.Fakes: Searching in: 'C:\Program Files\dotnet\sdk\5.0.401'.
TpTrace Information: 0 : 21728, 1, 2021/10/06, 19:07:45.039, 1175942974798, vstest.console.dll, AssemblyResolver.OnResolve: Microsoft.VisualStudio.TestPlatform.Fakes: Assembly path does not exist: 'C:\Program Files\dotnet\sdk\5.0.401\Microsoft.VisualStudio.TestPlatform.Fakes.dll', returning.
TpTrace Information: 0 : 21728, 1, 2021/10/06, 19:07:45.039, 1175942975296, vstest.console.dll, AssemblyResolver.OnResolve: Microsoft.VisualStudio.TestPlatform.Fakes: Assembly path does not exist: 'C:\Program Files\dotnet\sdk\5.0.401\Microsoft.VisualStudio.TestPlatform.Fakes.exe', returning.
TpTrace Information: 0 : 21728, 1, 2021/10/06, 19:07:45.039, 1175942975671, vstest.console.dll, AssemblyResolver.OnResolve: Microsoft.VisualStudio.TestPlatform.Fakes: Failed to load assembly.
TpTrace Information: 0 : 21728, 1, 2021/10/06, 19:07:45.039, 1175942978387, vstest.console.dll, Failed to create newly implemented Fakes Configurator. Reason:System.IO.FileNotFoundException: Could not load file or assembly 'Microsoft.VisualStudio.TestPlatform.Fakes, Version=16.0.0.0, Culture=neutral, PublicKeyToken=null'. The system cannot find the file specified.
File name: 'Microsoft.VisualStudio.TestPlatform.Fakes, Version=16.0.0.0, Culture=neutral, PublicKeyToken=null'
   at System.Reflection.RuntimeAssembly.InternalLoad(ObjectHandleOnStack assemblyName, ObjectHandleOnStack requestingAssembly, StackCrawlMarkHandle stackMark, Boolean throwOnFileNotFound, ObjectHandleOnStack assemblyLoadContext, ObjectHandleOnStack retAssembly)
   at System.Reflection.RuntimeAssembly.InternalLoad(AssemblyName assemblyName, RuntimeAssembly requestingAssembly, StackCrawlMark& stackMark, Boolean throwOnFileNotFound, AssemblyLoadContext assemblyLoadContext)
   at System.Reflection.Assembly.Load(AssemblyName assemblyRef)
   at Microsoft.VisualStudio.TestPlatform.Common.Utilities.FakesUtilities.TryGetFakesCrossPlatformDataCollectorConfigurator() 
TpTrace Verbose: 0 : 21728, 1, 2021/10/06, 19:07:45.042, 1175943005487, vstest.console.dll, TestPluginCache.DiscoverTestExtensions: finding test extensions in assemblies ends with: TestLogger.dll TPluginInfo: Microsoft.VisualStudio.TestPlatform.Common.ExtensionFramework.Utilities.TestLoggerPluginInformation TExtension: Microsoft.VisualStudio.TestPlatform.ObjectModel.Client.ITestLogger
TpTrace Verbose: 0 : 21728, 1, 2021/10/06, 19:07:45.042, 1175943006222, vstest.console.dll, TestPluginCache.GetExtensionPaths: Filtered extension paths: 
TpTrace Verbose: 0 : 21728, 1, 2021/10/06, 19:07:45.042, 1175943006497, vstest.console.dll, TestPluginCache.GetExtensionPaths: Added default extension paths: C:\Program Files\dotnet\sdk\5.0.401\Extensions\Microsoft.Diagnostics.NETCore.Client.dll
C:\Program Files\dotnet\sdk\5.0.401\Extensions\Microsoft.TestPlatform.Extensions.BlameDataCollector.dll
C:\Program Files\dotnet\sdk\5.0.401\Extensions\Microsoft.TestPlatform.Extensions.EventLogCollector.dll
C:\Program Files\dotnet\sdk\5.0.401\Extensions\Microsoft.TestPlatform.TestHostRuntimeProvider.dll
C:\Program Files\dotnet\sdk\5.0.401\Extensions\Microsoft.VisualStudio.TestPlatform.Extensions.Html.TestLogger.dll
C:\Program Files\dotnet\sdk\5.0.401\Extensions\Microsoft.VisualStudio.TestPlatform.Extensions.Trx.TestLogger.dll
TpTrace Verbose: 0 : 21728, 1, 2021/10/06, 19:07:45.042, 1175943006715, vstest.console.dll, TestPluginCache.GetExtensionPaths: Added unfilterableExtensionPaths: 
TpTrace Information: 0 : 21728, 1, 2021/10/06, 19:07:45.042, 1175943008012, vstest.console.dll, AssemblyResolver.AddSearchDirectories: Adding more searchDirectories C:\Program Files\dotnet\sdk\5.0.401\Extensions,C:\Program Files\dotnet\sdk\5.0.401
TpTrace Verbose: 0 : 21728, 1, 2021/10/06, 19:07:45.042, 1175943008355, vstest.console.dll, TestPluginCache.DiscoverTestExtensions: Discovering the extensions using extension path.
TpTrace Verbose: 0 : 21728, 1, 2021/10/06, 19:07:45.042, 1175943008568, vstest.console.dll, TestPluginCache.GetExtensionPaths: Filtered extension paths: 
TpTrace Verbose: 0 : 21728, 1, 2021/10/06, 19:07:45.042, 1175943008834, vstest.console.dll, TestPluginCache.GetExtensionPaths: Added default extension paths: C:\Program Files\dotnet\sdk\5.0.401\Extensions\Microsoft.Diagnostics.NETCore.Client.dll
C:\Program Files\dotnet\sdk\5.0.401\Extensions\Microsoft.TestPlatform.Extensions.BlameDataCollector.dll
C:\Program Files\dotnet\sdk\5.0.401\Extensions\Microsoft.TestPlatform.Extensions.EventLogCollector.dll
C:\Program Files\dotnet\sdk\5.0.401\Extensions\Microsoft.TestPlatform.TestHostRuntimeProvider.dll
C:\Program Files\dotnet\sdk\5.0.401\Extensions\Microsoft.VisualStudio.TestPlatform.Extensions.Html.TestLogger.dll
C:\Program Files\dotnet\sdk\5.0.401\Extensions\Microsoft.VisualStudio.TestPlatform.Extensions.Trx.TestLogger.dll
TpTrace Verbose: 0 : 21728, 1, 2021/10/06, 19:07:45.042, 1175943009071, vstest.console.dll, TestPluginCache.GetExtensionPaths: Added unfilterableExtensionPaths: 
TpTrace Verbose: 0 : 21728, 1, 2021/10/06, 19:07:45.042, 1175943009318, vstest.console.dll, TestPluginCache.DiscoverTestExtensions: Discovering the extensions using allExtensionPaths: C:\Program Files\dotnet\sdk\5.0.401\Extensions\Microsoft.Diagnostics.NETCore.Client.dll
C:\Program Files\dotnet\sdk\5.0.401\Extensions\Microsoft.TestPlatform.Extensions.BlameDataCollector.dll
C:\Program Files\dotnet\sdk\5.0.401\Extensions\Microsoft.TestPlatform.Extensions.EventLogCollector.dll
C:\Program Files\dotnet\sdk\5.0.401\Extensions\Microsoft.TestPlatform.TestHostRuntimeProvider.dll
C:\Program Files\dotnet\sdk\5.0.401\Extensions\Microsoft.VisualStudio.TestPlatform.Extensions.Html.TestLogger.dll
C:\Program Files\dotnet\sdk\5.0.401\Extensions\Microsoft.VisualStudio.TestPlatform.Extensions.Trx.TestLogger.dll
TpTrace Information: 0 : 21728, 1, 2021/10/06, 19:07:45.042, 1175943009629, vstest.console.dll, AssemblyResolver.AddSearchDirectories: Adding more searchDirectories C:\Program Files\dotnet\sdk\5.0.401\Extensions,C:\Program Files\dotnet\sdk\5.0.401
TpTrace Information: 0 : 21728, 1, 2021/10/06, 19:07:45.042, 1175943009905, vstest.console.dll, AssemblyResolver.AddSearchDirectories: Adding more searchDirectories C:\Program Files\dotnet\sdk\5.0.401\Extensions,C:\Program Files\dotnet\sdk\5.0.401
TpTrace Information: 0 : 21728, 1, 2021/10/06, 19:07:45.042, 1175943010119, vstest.console.dll, AssemblyResolver.AddSearchDirectories: Adding more searchDirectories C:\Program Files\dotnet\sdk\5.0.401\Extensions,C:\Program Files\dotnet\sdk\5.0.401
TpTrace Information: 0 : 21728, 1, 2021/10/06, 19:07:45.042, 1175943010325, vstest.console.dll, AssemblyResolver.AddSearchDirectories: Adding more searchDirectories C:\Program Files\dotnet\sdk\5.0.401\Extensions,C:\Program Files\dotnet\sdk\5.0.401
TpTrace Information: 0 : 21728, 1, 2021/10/06, 19:07:45.042, 1175943010546, vstest.console.dll, AssemblyResolver.AddSearchDirectories: Adding more searchDirectories C:\Program Files\dotnet\sdk\5.0.401\Extensions,C:\Program Files\dotnet\sdk\5.0.401
TpTrace Information: 0 : 21728, 1, 2021/10/06, 19:07:45.042, 1175943010759, vstest.console.dll, AssemblyResolver.AddSearchDirectories: Adding more searchDirectories C:\Program Files\dotnet\sdk\5.0.401\Extensions,C:\Program Files\dotnet\sdk\5.0.401
TpTrace Information: 0 : 21728, 1, 2021/10/06, 19:07:45.042, 1175943012593, vstest.console.dll, AssemblyResolver.OnResolve: Microsoft.Bcl.AsyncInterfaces: Resolving assembly.
TpTrace Information: 0 : 21728, 1, 2021/10/06, 19:07:45.043, 1175943012922, vstest.console.dll, AssemblyResolver.OnResolve: Microsoft.Bcl.AsyncInterfaces: Resolved from cache.
TpTrace Verbose: 0 : 21728, 1, 2021/10/06, 19:07:45.043, 1175943013158, vstest.console.dll, CurrentDomainAssemblyResolve: Resolving assembly 'Microsoft.Bcl.AsyncInterfaces'.
TpTrace Information: 0 : 21728, 1, 2021/10/06, 19:07:45.043, 1175943013539, vstest.console.dll, AssemblyResolver.OnResolve: Microsoft.Bcl.AsyncInterfaces: Resolving assembly.
TpTrace Information: 0 : 21728, 1, 2021/10/06, 19:07:45.043, 1175943013757, vstest.console.dll, AssemblyResolver.OnResolve: Microsoft.Bcl.AsyncInterfaces: Resolved from cache.
TpTrace Verbose: 0 : 21728, 1, 2021/10/06, 19:07:45.043, 1175943013984, vstest.console.dll, CurrentDomainAssemblyResolve: Resolving assembly 'Microsoft.Bcl.AsyncInterfaces'.
TpTrace Verbose: 0 : 21728, 1, 2021/10/06, 19:07:45.043, 1175943014190, vstest.console.dll, CurrentDomainAssemblyResolve: Failed to resolve assembly 'Microsoft.Bcl.AsyncInterfaces'.
TpTrace Verbose: 0 : 21728, 1, 2021/10/06, 19:07:45.043, 1175943015360, vstest.console.dll, CurrentDomainAssemblyResolve: Failed to resolve assembly 'Microsoft.Bcl.AsyncInterfaces'.
TpTrace Warning: 0 : 21728, 1, 2021/10/06, 19:07:45.043, 1175943017369, vstest.console.dll, TestPluginDiscoverer: Failed to get types from assembly 'Microsoft.Diagnostics.NETCore.Client, Version=0.2.2.41902, Culture=neutral, PublicKeyToken=31bf3856ad364e35'.  Skipping test extension scan for this assembly.  Error: System.Reflection.ReflectionTypeLoadException: Unable to load one or more of the requested types.
Could not load file or assembly 'Microsoft.Bcl.AsyncInterfaces, Version=1.0.0.0, Culture=neutral, PublicKeyToken=cc7b13ffcd2ddd51'. The system cannot find the file specified.
   at System.Reflection.RuntimeModule.GetTypes(RuntimeModule module)
   at System.Reflection.RuntimeModule.GetTypes()
   at System.Reflection.Assembly.GetTypes()
   at Microsoft.VisualStudio.TestPlatform.Common.ExtensionFramework.TestPluginDiscoverer.GetTestExtensionsFromAssembly[TPluginInfo,TExtension](Assembly assembly, Dictionary`2 pluginInfos)
System.IO.FileNotFoundException: Could not load file or assembly 'Microsoft.Bcl.AsyncInterfaces, Version=1.0.0.0, Culture=neutral, PublicKeyToken=cc7b13ffcd2ddd51'. The system cannot find the file specified.
File name: 'Microsoft.Bcl.AsyncInterfaces, Version=1.0.0.0, Culture=neutral, PublicKeyToken=cc7b13ffcd2ddd51'
TpTrace Warning: 0 : 21728, 1, 2021/10/06, 19:07:45.043, 1175943017739, vstest.console.dll, LoaderExceptions: System.IO.FileNotFoundException: Could not load file or assembly 'Microsoft.Bcl.AsyncInterfaces, Version=1.0.0.0, Culture=neutral, PublicKeyToken=cc7b13ffcd2ddd51'. The system cannot find the file specified.
File name: 'Microsoft.Bcl.AsyncInterfaces, Version=1.0.0.0, Culture=neutral, PublicKeyToken=cc7b13ffcd2ddd51'
TpTrace Verbose: 0 : 21728, 1, 2021/10/06, 19:07:45.043, 1175943020389, vstest.console.dll, TestPluginCache: Discovered the extensions using extension path ''.
TpTrace Verbose: 0 : 21728, 1, 2021/10/06, 19:07:45.043, 1175943020692, vstest.console.dll, TestPluginCache: Discoverers are ''.
TpTrace Verbose: 0 : 21728, 1, 2021/10/06, 19:07:45.043, 1175943020880, vstest.console.dll, TestPluginCache: Executors are ''.
TpTrace Verbose: 0 : 21728, 1, 2021/10/06, 19:07:45.043, 1175943021060, vstest.console.dll, TestPluginCache: Executors2 are ''.
TpTrace Verbose: 0 : 21728, 1, 2021/10/06, 19:07:45.043, 1175943021290, vstest.console.dll, TestPluginCache: Setting providers are ''.
TpTrace Verbose: 0 : 21728, 1, 2021/10/06, 19:07:45.043, 1175943021773, vstest.console.dll, TestPluginCache: Loggers are 'logger://Microsoft/TestPlatform/Extensions/Blame/v1,logger://Microsoft/TestPlatform/HtmlLogger/v1,logger://Microsoft/TestPlatform/TrxLogger/v1'.
TpTrace Information: 0 : 21728, 1, 2021/10/06, 19:07:45.044, 1175943026368, vstest.console.dll, TestPluginManager.CreateTestExtension: Attempting to load test extension: Microsoft.TestPlatform.Extensions.BlameDataCollector.BlameLogger
TpTrace Information: 0 : 21728, 1, 2021/10/06, 19:07:45.050, 1175943088330, vstest.console.dll, TestPluginManager.CreateTestExtension: Attempting to load test extension: Microsoft.VisualStudio.TestPlatform.CrossPlatEngine.Hosting.DefaultTestHostManager
TpTrace Information: 0 : 21728, 1, 2021/10/06, 19:07:45.050, 1175943090128, vstest.console.dll, TestPluginManager.CreateTestExtension: Attempting to load test extension: Microsoft.VisualStudio.TestPlatform.CrossPlatEngine.Hosting.DotnetTestHostManager
TpTrace Verbose: 0 : 21728, 1, 2021/10/06, 19:07:45.051, 1175943093765, vstest.console.dll, TestEngine: Initializing Parallel Execution as MaxCpuCount is set to: 1
TpTrace Information: 0 : 21728, 1, 2021/10/06, 19:07:45.051, 1175943097856, vstest.console.dll, InferRunSettingsHelper.IsTestSettingsEnabled: Unable to navigate to RunSettings/MSTest. Current node: RunSettings
TpTrace Verbose: 0 : 21728, 1, 2021/10/06, 19:07:45.059, 1175943174729, vstest.console.dll, TestRequestSender is acting as server
TpTrace Verbose: 0 : 21728, 4, 2021/10/06, 19:07:45.061, 1175943196555, vstest.console.dll, DataCollectionRequestSender.InitializeCommunication : Initialize communication. 
TpTrace Information: 0 : 21728, 4, 2021/10/06, 19:07:45.069, 1175943274307, vstest.console.dll, Listening on Endpoint : 127.0.0.1:51656
TpTrace Verbose: 0 : 21728, 4, 2021/10/06, 19:07:45.076, 1175943348586, vstest.console.dll, DotnetDataCollectionLauncher: Full path of dotnet.exe is C:\Program Files\dotnet\dotnet.exe
TpTrace Verbose: 0 : 21728, 4, 2021/10/06, 19:07:45.076, 1175943349788, vstest.console.dll, DotnetDataCollectionLauncher: Adding  --runtimeconfig "C:\Program Files\dotnet\sdk\5.0.401\datacollector.runtimeconfig.json" in args
TpTrace Verbose: 0 : 21728, 4, 2021/10/06, 19:07:45.076, 1175943350470, vstest.console.dll, DotnetDataCollectionLauncher: Adding  --depsfile "C:\Program Files\dotnet\sdk\5.0.401\datacollector.deps.json" in args
TpTrace Information: 0 : 21728, 4, 2021/10/06, 19:07:45.083, 1175943413189, vstest.console.dll, ProxyDataCollectionManager.Initialize: Launched datacollector processId: 12748 port: 51656
TpTrace Information: 0 : 21728, 4, 2021/10/06, 19:07:45.083, 1175943414319, vstest.console.dll, ProxyDataCollectionManager.Initialize: waiting for connection with timeout: 90 seconds
TpTrace Verbose: 0 : 21728, 4, 2021/10/06, 19:07:45.083, 1175943414756, vstest.console.dll, DataCollectionRequestSender.WaitForRequestHandlerConnection : Waiting for connection with timeout: 90000
TpTrace Information: 0 : 21728, 7, 2021/10/06, 19:07:45.199, 1175944581997, vstest.console.dll, Using the buffer size of 16384 bytes
TpTrace Information: 0 : 21728, 7, 2021/10/06, 19:07:45.200, 1175944582747, vstest.console.dll, Accepted Client request and set the flag
TpTrace Verbose: 0 : 21728, 4, 2021/10/06, 19:07:45.200, 1175944582806, vstest.console.dll, ProxyDataCollectionManager.InvokeDataCollectionServiceAction: Starting.
TpTrace Information: 0 : 21728, 4, 2021/10/06, 19:07:45.200, 1175944583651, vstest.console.dll, ProxyDataCollectionManager.BeforeTestRunStart: Get environment variable and port for datacollector processId: 12748 port: 51656
TpTrace Verbose: 0 : 21728, 4, 2021/10/06, 19:07:45.200, 1175944584470, vstest.console.dll, DataCollectionRequestSender.SendBeforeTestRunStartAndGetResult : Send BeforeTestRunStart message with settingsXml <RunSettings><RunConfiguration><ResultsDirectory>D:\LabWebApp\xUnitTestProject\bin\Debug\net5.0\fine-code-coverage\coverage-tool-output</ResultsDirectory><TargetPlatform>X64</TargetPlatform><TargetFrameworkVersion>.NETCoreApp,Version=v5.0</TargetFrameworkVersion><DesignMode>False</DesignMode><CollectSourceInformation>False</CollectSourceInformation><TestAdaptersPaths>C:\Program Files\dotnet\sdk\5.0.401\Extensions</TestAdaptersPaths></RunConfiguration><LoggerRunSettings><Loggers><Logger friendlyName="blame" enabled="True" /><Logger friendlyName="Console" uri="logger://microsoft/TestPlatform/ConsoleLogger/v1" assemblyQualifiedName="Microsoft.VisualStudio.TestPlatform.CommandLine.Internal.ConsoleLogger, vstest.console, Version=15.0.0.0, Culture=neutral, PublicKeyToken=b03f5f7f11d50a3a" codeBase="C:\Program Files\dotnet\sdk\5.0.401\vstest.console.dll" enabled="True" /></Loggers></LoggerRunSettings><DataCollectionRunSettings><DataCollectors><DataCollector friendlyName="blame" enabled="True"><Configuration><ResultsDirectory>D:\LabWebApp\xUnitTestProject\bin\Debug\net5.0\fine-code-coverage\coverage-tool-output</ResultsDirectory></Configuration></DataCollector></DataCollectors></DataCollectionRunSettings></RunSettings> and sources System.Linq.Enumerable+Concat2Iterator`1[System.String]: 
TpTrace Verbose: 0 : 21728, 4, 2021/10/06, 19:07:45.251, 1175945094192, vstest.console.dll, DataCollectionRequestSender.SendBeforeTestRunStartAndGetResult : Received message: (DataCollection.SendMessage) -> {
  "FriendlyName": null,
  "Uri": null,
  "TestCaseId": "00000000-0000-0000-0000-000000000000",
  "Message": "Logging DataCollector Diagnostics in file: D:\\LabWebApp\\xUnitTestProject\\bin\\Debug\\net5.0\\fine-code-coverage\\coverage-tool-output\\diagnostics.datacollector.21-10-06_19-07-45_07355_4.log",
  "Level": 0
}
TpTrace Verbose: 0 : 21728, 4, 2021/10/06, 19:07:45.294, 1175945528484, vstest.console.dll, DataCollectionRequestSender.SendBeforeTestRunStartAndGetResult : Received message: (DataCollection.BeforeTestRunStartResult) -> {
  "EnvironmentVariables": {},
  "DataCollectionEventsPort": 51658
}
TpTrace Information: 0 : 21728, 4, 2021/10/06, 19:07:45.297, 1175945555134, vstest.console.dll, ProxyDataCollectionManager.BeforeTestRunStart: SendBeforeTestRunStartAndGetResult successful, env variable from datacollector:   and testhost port: 51658
TpTrace Information: 0 : 21728, 4, 2021/10/06, 19:07:45.297, 1175945555668, vstest.console.dll, ProxyDataCollectionManager.InvokeDataCollectionServiceAction: Completed.
TpTrace Verbose: 0 : 21728, 1, 2021/10/06, 19:07:45.297, 1175945556790, vstest.console.dll, TestRunRequest.ExecuteAsync: Creating test run request.
TpTrace Verbose: 0 : 21728, 1, 2021/10/06, 19:07:45.297, 1175945558615, vstest.console.dll, TestRunRequest.ExecuteAsync: Starting.
TpTrace Information: 0 : 21728, 1, 2021/10/06, 19:07:45.297, 1175945560535, vstest.console.dll, TestRunRequest.ExecuteAsync: Starting run with settings:TestRunCriteria:
   KeepAlive=False,FrequencyOfRunStatsChangeEvent=10,RunStatsChangeEventTimeout=00:00:01.5000000,TestCaseFilter=,TestExecutorLauncher=
   Settingsxml=<RunSettings>
  <RunConfiguration>
    <ResultsDirectory>D:\LabWebApp\xUnitTestProject\bin\Debug\net5.0\fine-code-coverage\coverage-tool-output</ResultsDirectory>
    <TargetPlatform>X64</TargetPlatform>
    <TargetFrameworkVersion>.NETCoreApp,Version=v5.0</TargetFrameworkVersion>
    <DesignMode>False</DesignMode>
    <CollectSourceInformation>False</CollectSourceInformation>
  </RunConfiguration>
  <LoggerRunSettings>
    <Loggers>
      <Logger friendlyName="blame" enabled="True" />
      <Logger friendlyName="Console" uri="logger://microsoft/TestPlatform/ConsoleLogger/v1" assemblyQualifiedName="Microsoft.VisualStudio.TestPlatform.CommandLine.Internal.ConsoleLogger, vstest.console, Version=15.0.0.0, Culture=neutral, PublicKeyToken=b03f5f7f11d50a3a" codeBase="C:\Program Files\dotnet\sdk\5.0.401\vstest.console.dll" enabled="True" />
    </Loggers>
  </LoggerRunSettings>
  <DataCollectionRunSettings>
    <DataCollectors>
      <DataCollector friendlyName="blame" enabled="True">
        <Configuration>
          <ResultsDirectory>D:\LabWebApp\xUnitTestProject\bin\Debug\net5.0\fine-code-coverage\coverage-tool-output</ResultsDirectory>
        </Configuration>
      </DataCollector>
    </DataCollectors>
  </DataCollectionRunSettings>
</RunSettings>

TpTrace Verbose: 0 : 21728, 1, 2021/10/06, 19:07:45.297, 1175945560914, vstest.console.dll, TestRunRequest.ExecuteAsync: Wait for the first run request is over.
TpTrace Verbose: 0 : 21728, 1, 2021/10/06, 19:07:45.298, 1175945563744, vstest.console.dll, ParallelProxyExecutionManager: Start execution. Total sources: 1
TpTrace Information: 0 : 21728, 1, 2021/10/06, 19:07:45.298, 1175945568150, vstest.console.dll, ProxyParallelExecutionManager: Triggering test run for next source: D:\LabWebApp\xUnitTestProject\bin\Debug\net5.0\fine-code-coverage\build-output\xUnitTestProject.dll
TpTrace Verbose: 0 : 21728, 1, 2021/10/06, 19:07:45.298, 1175945569507, vstest.console.dll, ProxyParallelExecutionManager: No sources available for execution.
TpTrace Verbose: 0 : 21728, 6, 2021/10/06, 19:07:45.298, 1175945569789, vstest.console.dll, ParallelProxyExecutionManager: Execution started. Started clients: 1
TpTrace Information: 0 : 21728, 1, 2021/10/06, 19:07:45.298, 1175945569839, vstest.console.dll, TestRunRequest.ExecuteAsync: Started.
TpTrace Verbose: 0 : 21728, 1, 2021/10/06, 19:07:45.298, 1175945571441, vstest.console.dll, TestRunRequest.WaitForCompletion: Waiting with timeout -1.
TpTrace Verbose: 0 : 21728, 6, 2021/10/06, 19:07:45.298, 1175945571839, vstest.console.dll, TestRunRequest:SendTestRunMessage: Starting.
TpTrace Information: 0 : 21728, 6, 2021/10/06, 19:07:45.298, 1175945572598, vstest.console.dll, TestRunRequest:SendTestRunMessage: Completed.
TpTrace Verbose: 0 : 21728, 6, 2021/10/06, 19:07:45.299, 1175945573984, vstest.console.dll, ProxyExecutionManager: Test host is always Lazy initialize.
TpTrace Verbose: 0 : 21728, 6, 2021/10/06, 19:07:45.299, 1175945575692, vstest.console.dll, TestRequestSender.InitializeCommunication: initialize communication. 
TpTrace Information: 0 : 21728, 6, 2021/10/06, 19:07:45.299, 1175945579190, vstest.console.dll, SocketServer.Start: Listening on endpoint : 127.0.0.1:51659
TpTrace Verbose: 0 : 21728, 6, 2021/10/06, 19:07:45.300, 1175945583683, vstest.console.dll, DotnetTestHostmanager: Adding  --runtimeconfig "D:\LabWebApp\xUnitTestProject\bin\Debug\net5.0\fine-code-coverage\build-output\xUnitTestProject.runtimeconfig.json" in args
TpTrace Verbose: 0 : 21728, 6, 2021/10/06, 19:07:45.300, 1175945584144, vstest.console.dll, DotnetTestHostmanager: Adding  --depsfile "D:\LabWebApp\xUnitTestProject\bin\Debug\net5.0\fine-code-coverage\build-output\xUnitTestProject.deps.json" in args
TpTrace Verbose: 0 : 21728, 6, 2021/10/06, 19:07:45.300, 1175945585352, vstest.console.dll, DotnetTestHostManager: Testhost.exe/testhost.x86.exe found at path: D:\LabWebApp\xUnitTestProject\bin\Debug\net5.0\fine-code-coverage\build-output\testhost.exe
TpTrace Verbose: 0 : 21728, 6, 2021/10/06, 19:07:45.300, 1175945585722, vstest.console.dll, DotnetTestHostmanager: Full path of host exe is D:\LabWebApp\xUnitTestProject\bin\Debug\net5.0\fine-code-coverage\build-output\testhost.exe
TpTrace Verbose: 0 : 21728, 4, 2021/10/06, 19:07:45.300, 1175945592143, vstest.console.dll, DotnetTestHostManager: Starting process 'D:\LabWebApp\xUnitTestProject\bin\Debug\net5.0\fine-code-coverage\build-output\testhost.exe' with command line ' --runtimeconfig "D:\LabWebApp\xUnitTestProject\bin\Debug\net5.0\fine-code-coverage\build-output\xUnitTestProject.runtimeconfig.json" --depsfile "D:\LabWebApp\xUnitTestProject\bin\Debug\net5.0\fine-code-coverage\build-output\xUnitTestProject.deps.json" --port 51659 --endpoint 127.0.0.1:051659 --role client --parentprocessid 21728 --diag "D:\LabWebApp\xUnitTestProject\bin\Debug\net5.0\fine-code-coverage\coverage-tool-output\diagnostics.host.21-10-06_19-07-45_29987_6.log" --tracelevel 4 --datacollectionport 51658 --telemetryoptedin false'
TpTrace Verbose: 0 : 21728, 4, 2021/10/06, 19:07:45.305, 1175945633525, vstest.console.dll, Test Runtime launched
TpTrace Verbose: 0 : 21728, 6, 2021/10/06, 19:07:45.305, 1175945637967, vstest.console.dll, TestRequestSender.WaitForRequestHandlerConnection: waiting for connection with timeout: 90000
TpTrace Verbose: 0 : 21728, 4, 2021/10/06, 19:07:45.445, 1175947036925, vstest.console.dll, SocketServer.OnClientConnected: Client connected for endPoint: 127.0.0.1:51659, starting MessageLoopAsync:
TpTrace Verbose: 0 : 21728, 4, 2021/10/06, 19:07:45.445, 1175947038386, vstest.console.dll, TcpClientExtensions.MessageLoopAsync: Polling on remoteEndPoint: 127.0.0.1:51660 localEndPoint: 127.0.0.1:51659
TpTrace Verbose: 0 : 21728, 4, 2021/10/06, 19:07:45.552, 1175948111874, vstest.console.dll, TcpClientExtensions.MessageLoopAsync: NotifyDataAvailable remoteEndPoint: 127.0.0.1:51660 localEndPoint: 127.0.0.1:51659
TpTrace Verbose: 0 : 21728, 4, 2021/10/06, 19:07:45.553, 1175948113596, vstest.console.dll, TestRequestSender.CheckVersionWithTestHost: onMessageReceived received message: (ProtocolVersion) -> 5
TpTrace Verbose: 0 : 21728, 4, 2021/10/06, 19:07:45.553, 1175948116085, vstest.console.dll, TcpClientExtensions.MessageLoopAsync: Polling on remoteEndPoint: 127.0.0.1:51660 localEndPoint: 127.0.0.1:51659
TpTrace Verbose: 0 : 21728, 6, 2021/10/06, 19:07:45.553, 1175948117140, vstest.console.dll, TestPluginCache.GetExtensionPaths: Filtered extension paths: 
TpTrace Verbose: 0 : 21728, 6, 2021/10/06, 19:07:45.553, 1175948117686, vstest.console.dll, TestPluginCache.GetExtensionPaths: Added default extension paths: C:\Program Files\dotnet\sdk\5.0.401\Extensions\Microsoft.Diagnostics.NETCore.Client.dll
C:\Program Files\dotnet\sdk\5.0.401\Extensions\Microsoft.TestPlatform.Extensions.BlameDataCollector.dll
C:\Program Files\dotnet\sdk\5.0.401\Extensions\Microsoft.TestPlatform.Extensions.EventLogCollector.dll
C:\Program Files\dotnet\sdk\5.0.401\Extensions\Microsoft.TestPlatform.TestHostRuntimeProvider.dll
C:\Program Files\dotnet\sdk\5.0.401\Extensions\Microsoft.VisualStudio.TestPlatform.Extensions.Html.TestLogger.dll
C:\Program Files\dotnet\sdk\5.0.401\Extensions\Microsoft.VisualStudio.TestPlatform.Extensions.Trx.TestLogger.dll
TpTrace Verbose: 0 : 21728, 6, 2021/10/06, 19:07:45.553, 1175948117983, vstest.console.dll, TestPluginCache.GetExtensionPaths: Added unfilterableExtensionPaths: 
TpTrace Verbose: 0 : 21728, 6, 2021/10/06, 19:07:45.555, 1175948140166, vstest.console.dll, TestRequestSender.InitializeExecution: Sending initializing execution with message: {"Version":5,"MessageType":"TestExecution.Initialize","Payload":["D:\\LabWebApp\\xUnitTestProject\\bin\\Debug\\net5.0\\fine-code-coverage\\build-output\\xunit.runner.visualstudio.dotnetcore.testadapter.dll"]}
TpTrace Verbose: 0 : 21728, 6, 2021/10/06, 19:07:45.560, 1175948190474, vstest.console.dll, TestRequestSender.StartTestRun: Sending test run with message: {"Version":5,"MessageType":"TestExecution.StartWithSources","Payload":{"AdapterSourceMap":{"_none_":["D:\\LabWebApp\\xUnitTestProject\\bin\\Debug\\net5.0\\fine-code-coverage\\build-output\\xUnitTestProject.dll"]},"RunSettings":"<RunSettings>\r\n  <RunConfiguration>\r\n    <ResultsDirectory>D:\\LabWebApp\\xUnitTestProject\\bin\\Debug\\net5.0\\fine-code-coverage\\coverage-tool-output</ResultsDirectory>\r\n    <TargetPlatform>X64</TargetPlatform>\r\n    <TargetFrameworkVersion>.NETCoreApp,Version=v5.0</TargetFrameworkVersion>\r\n    <DesignMode>False</DesignMode>\r\n    <CollectSourceInformation>False</CollectSourceInformation>\r\n  </RunConfiguration>\r\n  <LoggerRunSettings>\r\n    <Loggers>\r\n      <Logger friendlyName=\"blame\" enabled=\"True\" />\r\n      <Logger friendlyName=\"Console\" uri=\"logger://microsoft/TestPlatform/ConsoleLogger/v1\" assemblyQualifiedName=\"Microsoft.VisualStudio.TestPlatform.CommandLine.Internal.ConsoleLogger, vstest.console, Version=15.0.0.0, Culture=neutral, PublicKeyToken=b03f5f7f11d50a3a\" codeBase=\"C:\\Program Files\\dotnet\\sdk\\5.0.401\\vstest.console.dll\" enabled=\"True\" />\r\n    </Loggers>\r\n  </LoggerRunSettings>\r\n  <DataCollectionRunSettings>\r\n    <DataCollectors>\r\n      <DataCollector friendlyName=\"blame\" enabled=\"True\">\r\n        <Configuration>\r\n          <ResultsDirectory>D:\\LabWebApp\\xUnitTestProject\\bin\\Debug\\net5.0\\fine-code-coverage\\coverage-tool-output</ResultsDirectory>\r\n        </Configuration>\r\n      </DataCollector>\r\n    </DataCollectors>\r\n  </DataCollectionRunSettings>\r\n</RunSettings>","TestExecutionContext":{"FrequencyOfRunStatsChangeEvent":10,"RunStatsChangeEventTimeout":"00:00:01.5000000","InIsolation":false,"KeepAlive":false,"AreTestCaseLevelEventsRequired":false,"IsDebug":false,"TestCaseFilter":null,"FilterOptions":null},"Package":null}}
TpTrace Verbose: 0 : 21728, 4, 2021/10/06, 19:07:45.560, 1175948191607, vstest.console.dll, TcpClientExtensions.MessageLoopAsync: NotifyDataAvailable remoteEndPoint: 127.0.0.1:51660 localEndPoint: 127.0.0.1:51659
TpTrace Verbose: 0 : 21728, 4, 2021/10/06, 19:07:45.560, 1175948192359, vstest.console.dll, TestRequestSender.OnExecutionMessageReceived: Received message: {"Version":5,"MessageType":"TestSession.Message","Payload":{"MessageLevel":0,"Message":"Logging TestHost Diagnostics in file: D:\\LabWebApp\\xUnitTestProject\\bin\\Debug\\net5.0\\fine-code-coverage\\coverage-tool-output\\diagnostics.host.21-10-06_19-07-45_29987_6.log"}}
TpTrace Verbose: 0 : 21728, 4, 2021/10/06, 19:07:45.562, 1175948204237, vstest.console.dll, TestRunRequest:SendTestRunMessage: Starting.
TpTrace Information: 0 : 21728, 4, 2021/10/06, 19:07:45.562, 1175948204812, vstest.console.dll, TestRunRequest:SendTestRunMessage: Completed.
TpTrace Verbose: 0 : 21728, 4, 2021/10/06, 19:07:45.562, 1175948205105, vstest.console.dll, TcpClientExtensions.MessageLoopAsync: Polling on remoteEndPoint: 127.0.0.1:51660 localEndPoint: 127.0.0.1:51659
TpTrace Verbose: 0 : 21728, 4, 2021/10/06, 19:07:45.668, 1175949264847, vstest.console.dll, TcpClientExtensions.MessageLoopAsync: NotifyDataAvailable remoteEndPoint: 127.0.0.1:51660 localEndPoint: 127.0.0.1:51659
TpTrace Verbose: 0 : 21728, 4, 2021/10/06, 19:07:45.668, 1175949266111, vstest.console.dll, TestRequestSender.OnExecutionMessageReceived: Received message: {"Version":5,"MessageType":"TestSession.Message","Payload":{"MessageLevel":0,"Message":"[xUnit.net 00:00:00.00] xUnit.net VSTest Adapter v2.4.3+1b45f5407b (64-bit .NET 5.0.10)"}}
TpTrace Verbose: 0 : 21728, 4, 2021/10/06, 19:07:45.668, 1175949268938, vstest.console.dll, TestRunRequest:SendTestRunMessage: Starting.
TpTrace Information: 0 : 21728, 4, 2021/10/06, 19:07:45.668, 1175949269868, vstest.console.dll, TestRunRequest:SendTestRunMessage: Completed.
TpTrace Verbose: 0 : 21728, 4, 2021/10/06, 19:07:45.668, 1175949270255, vstest.console.dll, TcpClientExtensions.MessageLoopAsync: Polling on remoteEndPoint: 127.0.0.1:51660 localEndPoint: 127.0.0.1:51659
TpTrace Verbose: 0 : 21728, 4, 2021/10/06, 19:07:46.391, 1175956502028, vstest.console.dll, TcpClientExtensions.MessageLoopAsync: NotifyDataAvailable remoteEndPoint: 127.0.0.1:51660 localEndPoint: 127.0.0.1:51659
TpTrace Verbose: 0 : 21728, 4, 2021/10/06, 19:07:46.392, 1175956503070, vstest.console.dll, TestRequestSender.OnExecutionMessageReceived: Received message: {"Version":5,"MessageType":"TestSession.Message","Payload":{"MessageLevel":0,"Message":"[xUnit.net 00:00:00.73]   Discovering: xUnitTestProject"}}
TpTrace Verbose: 0 : 21728, 4, 2021/10/06, 19:07:46.392, 1175956504715, vstest.console.dll, TestRunRequest:SendTestRunMessage: Starting.
TpTrace Information: 0 : 21728, 4, 2021/10/06, 19:07:46.392, 1175956505124, vstest.console.dll, TestRunRequest:SendTestRunMessage: Completed.
TpTrace Verbose: 0 : 21728, 4, 2021/10/06, 19:07:46.392, 1175956505368, vstest.console.dll, TcpClientExtensions.MessageLoopAsync: Polling on remoteEndPoint: 127.0.0.1:51660 localEndPoint: 127.0.0.1:51659
TpTrace Verbose: 0 : 21728, 4, 2021/10/06, 19:07:46.432, 1175956909374, vstest.console.dll, TcpClientExtensions.MessageLoopAsync: NotifyDataAvailable remoteEndPoint: 127.0.0.1:51660 localEndPoint: 127.0.0.1:51659
TpTrace Verbose: 0 : 21728, 4, 2021/10/06, 19:07:46.432, 1175956910400, vstest.console.dll, TestRequestSender.OnExecutionMessageReceived: Received message: {"Version":5,"MessageType":"TestSession.Message","Payload":{"MessageLevel":0,"Message":"[xUnit.net 00:00:00.77]   Discovered:  xUnitTestProject"}}
TpTrace Verbose: 0 : 21728, 4, 2021/10/06, 19:07:46.432, 1175956912044, vstest.console.dll, TestRunRequest:SendTestRunMessage: Starting.
TpTrace Information: 0 : 21728, 4, 2021/10/06, 19:07:46.432, 1175956912699, vstest.console.dll, TestRunRequest:SendTestRunMessage: Completed.
TpTrace Verbose: 0 : 21728, 4, 2021/10/06, 19:07:46.433, 1175956912985, vstest.console.dll, TcpClientExtensions.MessageLoopAsync: Polling on remoteEndPoint: 127.0.0.1:51660 localEndPoint: 127.0.0.1:51659
TpTrace Verbose: 0 : 21728, 4, 2021/10/06, 19:07:46.434, 1175956928120, vstest.console.dll, TcpClientExtensions.MessageLoopAsync: NotifyDataAvailable remoteEndPoint: 127.0.0.1:51660 localEndPoint: 127.0.0.1:51659
TpTrace Verbose: 0 : 21728, 4, 2021/10/06, 19:07:46.434, 1175956928646, vstest.console.dll, TestRequestSender.OnExecutionMessageReceived: Received message: {"Version":5,"MessageType":"TestSession.Message","Payload":{"MessageLevel":0,"Message":"[xUnit.net 00:00:00.77]   Starting:    xUnitTestProject"}}
TpTrace Verbose: 0 : 21728, 4, 2021/10/06, 19:07:46.434, 1175956929781, vstest.console.dll, TestRunRequest:SendTestRunMessage: Starting.
TpTrace Information: 0 : 21728, 4, 2021/10/06, 19:07:46.434, 1175956930159, vstest.console.dll, TestRunRequest:SendTestRunMessage: Completed.
TpTrace Verbose: 0 : 21728, 4, 2021/10/06, 19:07:46.434, 1175956930398, vstest.console.dll, TcpClientExtensions.MessageLoopAsync: Polling on remoteEndPoint: 127.0.0.1:51660 localEndPoint: 127.0.0.1:51659
TpTrace Verbose: 0 : 21728, 4, 2021/10/06, 19:07:46.540, 1175957987250, vstest.console.dll, TcpClientExtensions.MessageLoopAsync: NotifyDataAvailable remoteEndPoint: 127.0.0.1:51660 localEndPoint: 127.0.0.1:51659
TpTrace Verbose: 0 : 21728, 4, 2021/10/06, 19:07:46.540, 1175957989032, vstest.console.dll, TestRequestSender.OnExecutionMessageReceived: Received message: {"Version":5,"MessageType":"TestExecution.StatsChange","Payload":{"NewTestResults":[{"TestCase":{"Id":"bfd618be-7084-89f1-7a6c-e3fff4723f3d","FullyQualifiedName":"xUnitTestProject.Web.Controllers.UserControllerUnitTest.UpdateUserProfileAsync__","DisplayName":"xUnitTestProject.Web.Controllers.UserControllerUnitTest.UpdateUserProfileAsync__","ExecutorUri":"executor://xunit/VsTestRunner2/netcoreapp","Source":"D:\\LabWebApp\\xUnitTestProject\\bin\\Debug\\net5.0\\fine-code-coverage\\build-output\\xUnitTestProject.dll","CodeFilePath":null,"LineNumber":0,"Properties":[]},"Attachments":[],"Outcome":1,"ErrorMessage":null,"ErrorStackTrace":null,"DisplayName":"xUnitTestProject.Web.Controllers.UserControllerUnitTest.UpdateUserProfileAsync__","Messages":[],"ComputerName":"WSB-251-72","Duration":"00:00:00.0016770","StartTime":"2021-10-06T16:07:46.4909753+00:00","EndTime":"2021-10-06T16:07:46.4910373+00:00","Properties":[]},{"TestCase":{"Id":"131ee5ca-00b4-f57e-1e0f-2eb4c170aff3","FullyQualifiedName":"xUnitTestProject.Web.Controllers.UserControllerUnitTest.GetUserProfileAsync_ReturnsOkObjectResult_WithReturnUserProfileViewModel","DisplayName":"xUnitTestProject.Web.Controllers.UserControllerUnitTest.GetUserProfileAsync_ReturnsOkObjectResult_WithReturnUserProfileViewModel","ExecutorUri":"executor://xunit/VsTestRunner2/netcoreapp","Source":"D:\\LabWebApp\\xUnitTestProject\\bin\\Debug\\net5.0\\fine-code-coverage\\build-output\\xUnitTestProject.dll","CodeFilePath":null,"LineNumber":0,"Properties":[]},"Attachments":[],"Outcome":1,"ErrorMessage":null,"ErrorStackTrace":null,"DisplayName":"xUnitTestProject.Web.Controllers.UserControllerUnitTest.GetUserProfileAsync_ReturnsOkObjectResult_WithReturnUserProfileViewModel","Messages":[],"ComputerName":"WSB-251-72","Duration":"00:00:00.0002450","StartTime":"2021-10-06T16:07:46.5077851+00:00","EndTime":"2021-10-06T16:07:46.5077859+00:00","Properties":[]},{"TestCase":{"Id":"4e1e6397-2b47-c016-2cf8-35d8919ec624","FullyQualifiedName":"xUnitTestProject.Web.Controllers.UserControllerUnitTest.UpdateUserPasswordAsync__","DisplayName":"xUnitTestProject.Web.Controllers.UserControllerUnitTest.UpdateUserPasswordAsync__","ExecutorUri":"executor://xunit/VsTestRunner2/netcoreapp","Source":"D:\\LabWebApp\\xUnitTestProject\\bin\\Debug\\net5.0\\fine-code-coverage\\build-output\\xUnitTestProject.dll","CodeFilePath":null,"LineNumber":0,"Properties":[]},"Attachments":[],"Outcome":1,"ErrorMessage":null,"ErrorStackTrace":null,"DisplayName":"xUnitTestProject.Web.Controllers.UserControllerUnitTest.UpdateUserPasswordAsync__","Messages":[],"ComputerName":"WSB-251-72","Duration":"00:00:00.0000392","StartTime":"2021-10-06T16:07:46.5093175+00:00","EndTime":"2021-10-06T16:07:46.509318+00:00","Properties":[]},{"TestCase":{"Id":"5ad4da47-5724-6e10-aa18-f3383d832c67","FullyQualifiedName":"xUnitTestProject.BLL.Services.ValidatorServiceUnitTest.GivenEmailString_WhenIsValidEmail_ThenBoolResultReturned","DisplayName":"xUnitTestProject.BLL.Services.ValidatorServiceUnitTest.GivenEmailString_WhenIsValidEmail_ThenBoolResultReturned(email: \"test@gmail.com\", expected: True)","ExecutorUri":"executor://xunit/VsTestRunner2/netcoreapp","Source":"D:\\LabWebApp\\xUnitTestProject\\bin\\Debug\\net5.0\\fine-code-coverage\\build-output\\xUnitTestProject.dll","CodeFilePath":null,"LineNumber":0,"Properties":[]},"Attachments":[],"Outcome":1,"ErrorMessage":null,"ErrorStackTrace":null,"DisplayName":"xUnitTestProject.BLL.Services.ValidatorServiceUnitTest.GivenEmailString_WhenIsValidEmail_ThenBoolResultReturned(email: \"test@gmail.com\", expected: True)","Messages":[],"ComputerName":"WSB-251-72","Duration":"00:00:00.0094940","StartTime":"2021-10-06T16:07:46.5101041+00:00","EndTime":"2021-10-06T16:07:46.5101045+00:00","Properties":[]},{"TestCase":{"Id":"db12b704-83c0-0627-7b53-8c5923adeded","FullyQualifiedName":"xUnitTestProject.BLL.Services.ValidatorServiceUnitTest.GivenEmailString_WhenIsValidEmail_ThenBoolResultReturned","DisplayName":"xUnitTestProject.BLL.Services.ValidatorServiceUnitTest.GivenEmailString_WhenIsValidEmail_ThenBoolResultReturned(email: \"test@itechart-group.com\", expected: True)","ExecutorUri":"executor://xunit/VsTestRunner2/netcoreapp","Source":"D:\\LabWebApp\\xUnitTestProject\\bin\\Debug\\net5.0\\fine-code-coverage\\build-output\\xUnitTestProject.dll","CodeFilePath":null,"LineNumber":0,"Properties":[]},"Attachments":[],"Outcome":1,"ErrorMessage":null,"ErrorStackTrace":null,"DisplayName":"xUnitTestProject.BLL.Services.ValidatorServiceUnitTest.GivenEmailString_WhenIsValidEmail_ThenBoolResultReturned(email: \"test@itechart-group.com\", expected: True)","Messages":[],"ComputerName":"WSB-251-72","Duration":"00:00:00.0000853","StartTime":"2021-10-06T16:07:46.511561+00:00","EndTime":"2021-10-06T16:07:46.5115615+00:00","Properties":[]},{"TestCase":{"Id":"75bd8cc3-fb84-0dba-7b25-719c08f011eb","FullyQualifiedName":"xUnitTestProject.BLL.Services.ValidatorServiceUnitTest.GivenEmailString_WhenIsValidEmail_ThenBoolResultReturned","DisplayName":"xUnitTestProject.BLL.Services.ValidatorServiceUnitTest.GivenEmailString_WhenIsValidEmail_ThenBoolResultReturned(email: \"test@\", expected: False)","ExecutorUri":"executor://xunit/VsTestRunner2/netcoreapp","Source":"D:\\LabWebApp\\xUnitTestProject\\bin\\Debug\\net5.0\\fine-code-coverage\\build-output\\xUnitTestProject.dll","CodeFilePath":null,"LineNumber":0,"Properties":[]},"Attachments":[],"Outcome":1,"ErrorMessage":null,"ErrorStackTrace":null,"DisplayName":"xUnitTestProject.BLL.Services.ValidatorServiceUnitTest.GivenEmailString_WhenIsValidEmail_ThenBoolResultReturned(email: \"test@\", expected: False)","Messages":[],"ComputerName":"WSB-251-72","Duration":"00:00:00.0000156","StartTime":"2021-10-06T16:07:46.5130353+00:00","EndTime":"2021-10-06T16:07:46.5130358+00:00","Properties":[]},{"TestCase":{"Id":"af9b8078-7eed-cd93-af1b-33405dbe6f81","FullyQualifiedName":"xUnitTestProject.BLL.Services.ValidatorServiceUnitTest.GivenEmailString_WhenIsValidEmail_ThenBoolResultReturned","DisplayName":"xUnitTestProject.BLL.Services.ValidatorServiceUnitTest.GivenEmailString_WhenIsValidEmail_ThenBoolResultReturned(email: \"test12345@mail.ru\", expected: True)","ExecutorUri":"executor://xunit/VsTestRunner2/netcoreapp","Source":"D:\\LabWebApp\\xUnitTestProject\\bin\\Debug\\net5.0\\fine-code-coverage\\build-output\\xUnitTestProject.dll","CodeFilePath":null,"LineNumber":0,"Properties":[]},"Attachments":[],"Outcome":1,"ErrorMessage":null,"ErrorStackTrace":null,"DisplayName":"xUnitTestProject.BLL.Services.ValidatorServiceUnitTest.GivenEmailString_WhenIsValidEmail_ThenBoolResultReturned(email: \"test12345@mail.ru\", expected: True)","Messages":[],"ComputerName":"WSB-251-72","Duration":"00:00:00.0000139","StartTime":"2021-10-06T16:07:46.514524+00:00","EndTime":"2021-10-06T16:07:46.5145245+00:00","Properties":[]},{"TestCase":{"Id":"769fd3a6-8a00-c446-fdd7-80da72d9de92","FullyQualifiedName":"xUnitTestProject.BLL.Services.ValidatorServiceUnitTest.GivenEmailString_WhenIsValidEmail_ThenBoolResultReturned","DisplayName":"xUnitTestProject.BLL.Services.ValidatorServiceUnitTest.GivenEmailString_WhenIsValidEmail_ThenBoolResultReturned(email: \"@gmail.com\", expected: False)","ExecutorUri":"executor://xunit/VsTestRunner2/netcoreapp","Source":"D:\\LabWebApp\\xUnitTestProject\\bin\\Debug\\net5.0\\fine-code-coverage\\build-output\\xUnitTestProject.dll","CodeFilePath":null,"LineNumber":0,"Properties":[]},"Attachments":[],"Outcome":1,"ErrorMessage":null,"ErrorStackTrace":null,"DisplayName":"xUnitTestProject.BLL.Services.ValidatorServiceUnitTest.GivenEmailString_WhenIsValidEmail_ThenBoolResultReturned(email: \"@gmail.com\", expected: False)","Messages":[],"ComputerName":"WSB-251-72","Duration":"00:00:00.0000116","StartTime":"2021-10-06T16:07:46.5160536+00:00","EndTime":"2021-10-06T16:07:46.5160542+00:00","Properties":[]}],"TestRunStatistics":{"ExecutedTests":8,"Stats":{"Passed":8}},"ActiveTests":[{"Id":"9f96734e-273e-0cc5-35d4-ce964d642c08","FullyQualifiedName":"xUnitTestProject.BLL.Dto.AddressDtoUnitTest.GivenIds_WhenGetAddressById_ThenAddressIsReturned","DisplayName":"xUnitTestProject.BLL.Dto.AddressDtoUnitTest.GivenIds_WhenGetAddressById_ThenAddressIsReturned","ExecutorUri":"executor://xunit/VsTestRunner2/netcoreapp","Source":"D:\\LabWebApp\\xUnitTestProject\\bin\\Debug\\net5.0\\fine-code-coverage\\build-output\\xUnitTestProject.dll","CodeFilePath":null,"LineNumber":0,"Properties":[]},{"Id":"5dc33c4e-bab7-43a6-3b1f-11accd57a042","FullyQualifiedName":"xUnitTestProject.BLL.Services.ValidatorServiceUnitTest.GivenPasswordString_WhenIsValidPassword_ThenBoolResultReturned","DisplayName":"xUnitTestProject.BLL.Services.ValidatorServiceUnitTest.GivenPasswordString_WhenIsValidPassword_ThenBoolResultReturned(password: \"12345678\", expected: False)","ExecutorUri":"executor://xunit/VsTestRunner2/netcoreapp","Source":"D:\\LabWebApp\\xUnitTestProject\\bin\\Debug\\net5.0\\fine-code-coverage\\build-output\\xUnitTestProject.dll","CodeFilePath":null,"LineNumber":0,"Properties":[]}]}}
TpTrace Verbose: 0 : 21728, 4, 2021/10/06, 19:07:46.559, 1175958175645, vstest.console.dll, TestRunRequest:SendTestRunStatsChange: Starting.
TpTrace Verbose: 0 : 21728, 4, 2021/10/06, 19:07:46.559, 1175958176587, vstest.console.dll, InProgress is xUnitTestProject.BLL.Dto.AddressDtoUnitTest.GivenIds_WhenGetAddressById_ThenAddressIsReturned
TpTrace Verbose: 0 : 21728, 4, 2021/10/06, 19:07:46.559, 1175958176857, vstest.console.dll, InProgress is xUnitTestProject.BLL.Services.ValidatorServiceUnitTest.GivenPasswordString_WhenIsValidPassword_ThenBoolResultReturned(password: "12345678", expected: False)
TpTrace Information: 0 : 21728, 4, 2021/10/06, 19:07:46.559, 1175958178109, vstest.console.dll, TestRunRequest:SendTestRunStatsChange: Completed.
TpTrace Verbose: 0 : 21728, 4, 2021/10/06, 19:07:46.559, 1175958178413, vstest.console.dll, TcpClientExtensions.MessageLoopAsync: Polling on remoteEndPoint: 127.0.0.1:51660 localEndPoint: 127.0.0.1:51659
TpTrace Verbose: 0 : 21728, 4, 2021/10/06, 19:07:46.559, 1175958178820, vstest.console.dll, TcpClientExtensions.MessageLoopAsync: NotifyDataAvailable remoteEndPoint: 127.0.0.1:51660 localEndPoint: 127.0.0.1:51659
TpTrace Verbose: 0 : 21728, 4, 2021/10/06, 19:07:46.559, 1175958179908, vstest.console.dll, TestRequestSender.OnExecutionMessageReceived: Received message: {"Version":5,"MessageType":"TestExecution.StatsChange","Payload":{"NewTestResults":[{"TestCase":{"Id":"5dc33c4e-bab7-43a6-3b1f-11accd57a042","FullyQualifiedName":"xUnitTestProject.BLL.Services.ValidatorServiceUnitTest.GivenPasswordString_WhenIsValidPassword_ThenBoolResultReturned","DisplayName":"xUnitTestProject.BLL.Services.ValidatorServiceUnitTest.GivenPasswordString_WhenIsValidPassword_ThenBoolResultReturned(password: \"12345678\", expected: False)","ExecutorUri":"executor://xunit/VsTestRunner2/netcoreapp","Source":"D:\\LabWebApp\\xUnitTestProject\\bin\\Debug\\net5.0\\fine-code-coverage\\build-output\\xUnitTestProject.dll","CodeFilePath":null,"LineNumber":0,"Properties":[]},"Attachments":[],"Outcome":1,"ErrorMessage":null,"ErrorStackTrace":null,"DisplayName":"xUnitTestProject.BLL.Services.ValidatorServiceUnitTest.GivenPasswordString_WhenIsValidPassword_ThenBoolResultReturned(password: \"12345678\", expected: False)","Messages":[],"ComputerName":"WSB-251-72","Duration":"00:00:00.0022678","StartTime":"2021-10-06T16:07:46.541249+00:00","EndTime":"2021-10-06T16:07:46.5412498+00:00","Properties":[]},{"TestCase":{"Id":"8da2a8ed-6288-0673-882e-43e671abdec5","FullyQualifiedName":"xUnitTestProject.BLL.Services.ValidatorServiceUnitTest.GivenPasswordString_WhenIsValidPassword_ThenBoolResultReturned","DisplayName":"xUnitTestProject.BLL.Services.ValidatorServiceUnitTest.GivenPasswordString_WhenIsValidPassword_ThenBoolResultReturned(password: \"QWERTYUI\", expected: False)","ExecutorUri":"executor://xunit/VsTestRunner2/netcoreapp","Source":"D:\\LabWebApp\\xUnitTestProject\\bin\\Debug\\net5.0\\fine-code-coverage\\build-output\\xUnitTestProject.dll","CodeFilePath":null,"LineNumber":0,"Properties":[]},"Attachments":[],"Outcome":1,"ErrorMessage":null,"ErrorStackTrace":null,"DisplayName":"xUnitTestProject.BLL.Services.ValidatorServiceUnitTest.GivenPasswordString_WhenIsValidPassword_ThenBoolResultReturned(password: \"QWERTYUI\", expected: False)","Messages":[],"ComputerName":"WSB-251-72","Duration":"00:00:00.0000106","StartTime":"2021-10-06T16:07:46.5430058+00:00","EndTime":"2021-10-06T16:07:46.5430064+00:00","Properties":[]},{"TestCase":{"Id":"dff6332a-559e-4070-809f-5bf68e8776cb","FullyQualifiedName":"xUnitTestProject.BLL.Services.ValidatorServiceUnitTest.GivenPasswordString_WhenIsValidPassword_ThenBoolResultReturned","DisplayName":"xUnitTestProject.BLL.Services.ValidatorServiceUnitTest.GivenPasswordString_WhenIsValidPassword_ThenBoolResultReturned(password: \"QWERtyui\", expected: False)","ExecutorUri":"executor://xunit/VsTestRunner2/netcoreapp","Source":"D:\\LabWebApp\\xUnitTestProject\\bin\\Debug\\net5.0\\fine-code-coverage\\build-output\\xUnitTestProject.dll","CodeFilePath":null,"LineNumber":0,"Properties":[]},"Attachments":[],"Outcome":1,"ErrorMessage":null,"ErrorStackTrace":null,"DisplayName":"xUnitTestProject.BLL.Services.ValidatorServiceUnitTest.GivenPasswordString_WhenIsValidPassword_ThenBoolResultReturned(password: \"QWERtyui\", expected: False)","Messages":[],"ComputerName":"WSB-251-72","Duration":"00:00:00.0000099","StartTime":"2021-10-06T16:07:46.5445461+00:00","EndTime":"2021-10-06T16:07:46.5445468+00:00","Properties":[]},{"TestCase":{"Id":"2cc8109c-08bc-d41b-2935-f90b954d9a75","FullyQualifiedName":"xUnitTestProject.BLL.Services.ValidatorServiceUnitTest.GivenPasswordString_WhenIsValidPassword_ThenBoolResultReturned","DisplayName":"xUnitTestProject.BLL.Services.ValidatorServiceUnitTest.GivenPasswordString_WhenIsValidPassword_ThenBoolResultReturned(password: \"QWERtyu1\", expected: False)","ExecutorUri":"executor://xunit/VsTestRunner2/netcoreapp","Source":"D:\\LabWebApp\\xUnitTestProject\\bin\\Debug\\net5.0\\fine-code-coverage\\build-output\\xUnitTestProject.dll","CodeFilePath":null,"LineNumber":0,"Properties":[]},"Attachments":[],"Outcome":1,"ErrorMessage":null,"ErrorStackTrace":null,"DisplayName":"xUnitTestProject.BLL.Services.ValidatorServiceUnitTest.GivenPasswordString_WhenIsValidPassword_ThenBoolResultReturned(password: \"QWERtyu1\", expected: False)","Messages":[],"ComputerName":"WSB-251-72","Duration":"00:00:00.0000065","StartTime":"2021-10-06T16:07:46.5460272+00:00","EndTime":"2021-10-06T16:07:46.5460278+00:00","Properties":[]},{"TestCase":{"Id":"ab982da1-64b5-6979-952c-221afa2df00b","FullyQualifiedName":"xUnitTestProject.BLL.Services.ValidatorServiceUnitTest.GivenPasswordString_WhenIsValidPassword_ThenBoolResultReturned","DisplayName":"xUnitTestProject.BLL.Services.ValidatorServiceUnitTest.GivenPasswordString_WhenIsValidPassword_ThenBoolResultReturned(password: \"!QWERty1\", expected: True)","ExecutorUri":"executor://xunit/VsTestRunner2/netcoreapp","Source":"D:\\LabWebApp\\xUnitTestProject\\bin\\Debug\\net5.0\\fine-code-coverage\\build-output\\xUnitTestProject.dll","CodeFilePath":null,"LineNumber":0,"Properties":[]},"Attachments":[],"Outcome":1,"ErrorMessage":null,"ErrorStackTrace":null,"DisplayName":"xUnitTestProject.BLL.Services.ValidatorServiceUnitTest.GivenPasswordString_WhenIsValidPassword_ThenBoolResultReturned(password: \"!QWERty1\", expected: True)","Messages":[],"ComputerName":"WSB-251-72","Duration":"00:00:00.0000083","StartTime":"2021-10-06T16:07:46.5475205+00:00","EndTime":"2021-10-06T16:07:46.5475212+00:00","Properties":[]},{"TestCase":{"Id":"e518dad3-9267-eebb-66ef-0754e017e7cd","FullyQualifiedName":"xUnitTestProject.BLL.Services.ValidatorServiceUnitTest.GivenPasswordString_WhenIsValidPassword_ThenBoolResultReturned","DisplayName":"xUnitTestProject.BLL.Services.ValidatorServiceUnitTest.GivenPasswordString_WhenIsValidPassword_ThenBoolResultReturned(password: \"qwertyui\", expected: False)","ExecutorUri":"executor://xunit/VsTestRunner2/netcoreapp","Source":"D:\\LabWebApp\\xUnitTestProject\\bin\\Debug\\net5.0\\fine-code-coverage\\build-output\\xUnitTestProject.dll","CodeFilePath":null,"LineNumber":0,"Properties":[]},"Attachments":[],"Outcome":1,"ErrorMessage":null,"ErrorStackTrace":null,"DisplayName":"xUnitTestProject.BLL.Services.ValidatorServiceUnitTest.GivenPasswordString_WhenIsValidPassword_ThenBoolResultReturned(password: \"qwertyui\", expected: False)","Messages":[],"ComputerName":"WSB-251-72","Duration":"00:00:00.0000062","StartTime":"2021-10-06T16:07:46.5491004+00:00","EndTime":"2021-10-06T16:07:46.549101+00:00","Properties":[]},{"TestCase":{"Id":"7afb4dad-d5c0-1a83-cc05-56d74a57d1f2","FullyQualifiedName":"xUnitTestProject.BLL.Services.ValidatorServiceUnitTest.GivenPhoneNumberString_WhenIsValidPhoneNumber_ThenBoolResultReturned","DisplayName":"xUnitTestProject.BLL.Services.ValidatorServiceUnitTest.GivenPhoneNumberString_WhenIsValidPhoneNumber_ThenBoolResultReturned(phoneNumber: \"qwerty\", expected: False)","ExecutorUri":"executor://xunit/VsTestRunner2/netcoreapp","Source":"D:\\LabWebApp\\xUnitTestProject\\bin\\Debug\\net5.0\\fine-code-coverage\\build-output\\xUnitTestProject.dll","CodeFilePath":null,"LineNumber":0,"Properties":[]},"Attachments":[],"Outcome":1,"ErrorMessage":null,"ErrorStackTrace":null,"DisplayName":"xUnitTestProject.BLL.Services.ValidatorServiceUnitTest.GivenPhoneNumberString_WhenIsValidPhoneNumber_ThenBoolResultReturned(phoneNumber: \"qwerty\", expected: False)","Messages":[],"ComputerName":"WSB-251-72","Duration":"00:00:00.0008187","StartTime":"2021-10-06T16:07:46.550651+00:00","EndTime":"2021-10-06T16:07:46.5506515+00:00","Properties":[]},{"TestCase":{"Id":"1f1667e3-2786-3624-f8d9-d03031372dfe","FullyQualifiedName":"xUnitTestProject.BLL.Services.ValidatorServiceUnitTest.GivenPhoneNumberString_WhenIsValidPhoneNumber_ThenBoolResultReturned","DisplayName":"xUnitTestProject.BLL.Services.ValidatorServiceUnitTest.GivenPhoneNumberString_WhenIsValidPhoneNumber_ThenBoolResultReturned(phoneNumber: \"80-29-000-00-00\", expected: True)","ExecutorUri":"executor://xunit/VsTestRunner2/netcoreapp","Source":"D:\\LabWebApp\\xUnitTestProject\\bin\\Debug\\net5.0\\fine-code-coverage\\build-output\\xUnitTestProject.dll","CodeFilePath":null,"LineNumber":0,"Properties":[]},"Attachments":[],"Outcome":1,"ErrorMessage":null,"ErrorStackTrace":null,"DisplayName":"xUnitTestProject.BLL.Services.ValidatorServiceUnitTest.GivenPhoneNumberString_WhenIsValidPhoneNumber_ThenBoolResultReturned(phoneNumber: \"80-29-000-00-00\", expected: True)","Messages":[],"ComputerName":"WSB-251-72","Duration":"00:00:00.0000100","StartTime":"2021-10-06T16:07:46.5521105+00:00","EndTime":"2021-10-06T16:07:46.552111+00:00","Properties":[]},{"TestCase":{"Id":"7a2679a9-b27a-7e04-dc17-fddef8bf2ad4","FullyQualifiedName":"xUnitTestProject.BLL.Services.ValidatorServiceUnitTest.GivenPhoneNumberString_WhenIsValidPhoneNumber_ThenBoolResultReturned","DisplayName":"xUnitTestProject.BLL.Services.ValidatorServiceUnitTest.GivenPhoneNumberString_WhenIsValidPhoneNumber_ThenBoolResultReturned(phoneNumber: \"+375290000000\", expected: True)","ExecutorUri":"executor://xunit/VsTestRunner2/netcoreapp","Source":"D:\\LabWebApp\\xUnitTestProject\\bin\\Debug\\net5.0\\fine-code-coverage\\build-output\\xUnitTestProject.dll","CodeFilePath":null,"LineNumber":0,"Properties":[]},"Attachments":[],"Outcome":1,"ErrorMessage":null,"ErrorStackTrace":null,"DisplayName":"xUnitTestProject.BLL.Services.ValidatorServiceUnitTest.GivenPhoneNumberString_WhenIsValidPhoneNumber_ThenBoolResultReturned(phoneNumber: \"+375290000000\", expected: True)","Messages":[],"ComputerName":"WSB-251-72","Duration":"00:00:00.0000085","StartTime":"2021-10-06T16:07:46.5535653+00:00","EndTime":"2021-10-06T16:07:46.5535658+00:00","Properties":[]}],"TestRunStatistics":{"ExecutedTests":17,"Stats":{"Passed":17}},"ActiveTests":[{"Id":"2508c778-d576-e836-c8c5-d481aa32b54d","FullyQualifiedName":"xUnitTestProject.BLL.Services.ValidatorServiceUnitTest.GivenPhoneNumberString_WhenIsValidPhoneNumber_ThenBoolResultReturned","DisplayName":"xUnitTestProject.BLL.Services.ValidatorServiceUnitTest.GivenPhoneNumberString_WhenIsValidPhoneNumber_ThenBoolResultReturned(phoneNumber: \"123-456-78\", expected: True)","ExecutorUri":"executor://xunit/VsTestRunner2/netcoreapp","Source":"D:\\LabWebApp\\xUnitTestProject\\bin\\Debug\\net5.0\\fine-code-coverage\\build-output\\xUnitTestProject.dll","CodeFilePath":null,"LineNumber":0,"Properties":[]}]}}
TpTrace Verbose: 0 : 21728, 4, 2021/10/06, 19:07:46.563, 1175958221727, vstest.console.dll, TestRunRequest:SendTestRunStatsChange: Starting.
TpTrace Verbose: 0 : 21728, 4, 2021/10/06, 19:07:46.563, 1175958222441, vstest.console.dll, InProgress is xUnitTestProject.BLL.Services.ValidatorServiceUnitTest.GivenPhoneNumberString_WhenIsValidPhoneNumber_ThenBoolResultReturned(phoneNumber: "123-456-78", expected: True)
TpTrace Information: 0 : 21728, 4, 2021/10/06, 19:07:46.563, 1175958222813, vstest.console.dll, TestRunRequest:SendTestRunStatsChange: Completed.
TpTrace Verbose: 0 : 21728, 4, 2021/10/06, 19:07:46.564, 1175958223059, vstest.console.dll, TcpClientExtensions.MessageLoopAsync: Polling on remoteEndPoint: 127.0.0.1:51660 localEndPoint: 127.0.0.1:51659
TpTrace Verbose: 0 : 21728, 4, 2021/10/06, 19:07:46.765, 1175960236393, vstest.console.dll, TcpClientExtensions.MessageLoopAsync: NotifyDataAvailable remoteEndPoint: 127.0.0.1:51660 localEndPoint: 127.0.0.1:51659
TpTrace Verbose: 0 : 21728, 4, 2021/10/06, 19:07:46.765, 1175960237348, vstest.console.dll, TestRequestSender.OnExecutionMessageReceived: Received message: {"Version":5,"MessageType":"TestSession.Message","Payload":{"MessageLevel":2,"Message":"[xUnit.net 00:00:01.10]     xUnitTestProject.BLL.Dto.AddressDtoUnitTest.GivenIds_WhenGetAddressById_ThenAddressIsReturned(id: 135, context: DAL.Data.ApplicationDbContext, sut: AddressDto { }) [FAIL]"}}
TpTrace Verbose: 0 : 21728, 4, 2021/10/06, 19:07:46.765, 1175960238581, vstest.console.dll, TestRunRequest:SendTestRunMessage: Starting.
TpTrace Information: 0 : 21728, 4, 2021/10/06, 19:07:46.765, 1175960239024, vstest.console.dll, TestRunRequest:SendTestRunMessage: Completed.
TpTrace Verbose: 0 : 21728, 4, 2021/10/06, 19:07:46.765, 1175960239269, vstest.console.dll, TcpClientExtensions.MessageLoopAsync: Polling on remoteEndPoint: 127.0.0.1:51660 localEndPoint: 127.0.0.1:51659
TpTrace Verbose: 0 : 21728, 4, 2021/10/06, 19:07:46.766, 1175960243667, vstest.console.dll, TcpClientExtensions.MessageLoopAsync: NotifyDataAvailable remoteEndPoint: 127.0.0.1:51660 localEndPoint: 127.0.0.1:51659
TpTrace Verbose: 0 : 21728, 4, 2021/10/06, 19:07:46.766, 1175960244267, vstest.console.dll, TestRequestSender.OnExecutionMessageReceived: Received message: {"Version":5,"MessageType":"TestSession.Message","Payload":{"MessageLevel":0,"Message":"[xUnit.net 00:00:01.10]       System.NotImplementedException : The method or operation is not implemented."}}
TpTrace Verbose: 0 : 21728, 4, 2021/10/06, 19:07:46.766, 1175960245217, vstest.console.dll, TestRunRequest:SendTestRunMessage: Starting.
TpTrace Information: 0 : 21728, 4, 2021/10/06, 19:07:46.766, 1175960245735, vstest.console.dll, TestRunRequest:SendTestRunMessage: Completed.
TpTrace Verbose: 0 : 21728, 4, 2021/10/06, 19:07:46.766, 1175960245962, vstest.console.dll, TcpClientExtensions.MessageLoopAsync: Polling on remoteEndPoint: 127.0.0.1:51660 localEndPoint: 127.0.0.1:51659
TpTrace Verbose: 0 : 21728, 4, 2021/10/06, 19:07:46.766, 1175960249957, vstest.console.dll, TcpClientExtensions.MessageLoopAsync: NotifyDataAvailable remoteEndPoint: 127.0.0.1:51660 localEndPoint: 127.0.0.1:51659
TpTrace Verbose: 0 : 21728, 4, 2021/10/06, 19:07:46.766, 1175960250295, vstest.console.dll, TestRequestSender.OnExecutionMessageReceived: Received message: {"Version":5,"MessageType":"TestSession.Message","Payload":{"MessageLevel":0,"Message":"[xUnit.net 00:00:01.10]       Stack Trace:"}}
TpTrace Verbose: 0 : 21728, 4, 2021/10/06, 19:07:46.766, 1175960250884, vstest.console.dll, TestRunRequest:SendTestRunMessage: Starting.
TpTrace Information: 0 : 21728, 4, 2021/10/06, 19:07:46.766, 1175960251211, vstest.console.dll, TestRunRequest:SendTestRunMessage: Completed.
TpTrace Verbose: 0 : 21728, 4, 2021/10/06, 19:07:46.766, 1175960251423, vstest.console.dll, TcpClientExtensions.MessageLoopAsync: Polling on remoteEndPoint: 127.0.0.1:51660 localEndPoint: 127.0.0.1:51659
TpTrace Verbose: 0 : 21728, 4, 2021/10/06, 19:07:46.767, 1175960254261, vstest.console.dll, TcpClientExtensions.MessageLoopAsync: NotifyDataAvailable remoteEndPoint: 127.0.0.1:51660 localEndPoint: 127.0.0.1:51659
TpTrace Verbose: 0 : 21728, 4, 2021/10/06, 19:07:46.767, 1175960254595, vstest.console.dll, TestRequestSender.OnExecutionMessageReceived: Received message: {"Version":5,"MessageType":"TestSession.Message","Payload":{"MessageLevel":0,"Message":"[xUnit.net 00:00:01.10]            at Microsoft.EntityFrameworkCore.DbSet`1.System.Linq.IQueryable.get_Provider()"}}
TpTrace Verbose: 0 : 21728, 4, 2021/10/06, 19:07:46.767, 1175960255114, vstest.console.dll, TestRunRequest:SendTestRunMessage: Starting.
TpTrace Information: 0 : 21728, 4, 2021/10/06, 19:07:46.767, 1175960255416, vstest.console.dll, TestRunRequest:SendTestRunMessage: Completed.
TpTrace Verbose: 0 : 21728, 4, 2021/10/06, 19:07:46.767, 1175960255626, vstest.console.dll, TcpClientExtensions.MessageLoopAsync: Polling on remoteEndPoint: 127.0.0.1:51660 localEndPoint: 127.0.0.1:51659
TpTrace Verbose: 0 : 21728, 4, 2021/10/06, 19:07:46.767, 1175960256084, vstest.console.dll, TcpClientExtensions.MessageLoopAsync: NotifyDataAvailable remoteEndPoint: 127.0.0.1:51660 localEndPoint: 127.0.0.1:51659
TpTrace Verbose: 0 : 21728, 4, 2021/10/06, 19:07:46.767, 1175960256401, vstest.console.dll, TestRequestSender.OnExecutionMessageReceived: Received message: {"Version":5,"MessageType":"TestSession.Message","Payload":{"MessageLevel":0,"Message":"[xUnit.net 00:00:01.10]            at Microsoft.EntityFrameworkCore.EntityFrameworkQueryableExtensions.AsNoTracking[TEntity](IQueryable`1 source)"}}
TpTrace Verbose: 0 : 21728, 4, 2021/10/06, 19:07:46.767, 1175960256938, vstest.console.dll, TestRunRequest:SendTestRunMessage: Starting.
TpTrace Information: 0 : 21728, 4, 2021/10/06, 19:07:46.767, 1175960257231, vstest.console.dll, TestRunRequest:SendTestRunMessage: Completed.
TpTrace Verbose: 0 : 21728, 4, 2021/10/06, 19:07:46.767, 1175960257434, vstest.console.dll, TcpClientExtensions.MessageLoopAsync: Polling on remoteEndPoint: 127.0.0.1:51660 localEndPoint: 127.0.0.1:51659
TpTrace Verbose: 0 : 21728, 4, 2021/10/06, 19:07:46.767, 1175960257936, vstest.console.dll, TcpClientExtensions.MessageLoopAsync: NotifyDataAvailable remoteEndPoint: 127.0.0.1:51660 localEndPoint: 127.0.0.1:51659
TpTrace Verbose: 0 : 21728, 4, 2021/10/06, 19:07:46.767, 1175960258252, vstest.console.dll, TestRequestSender.OnExecutionMessageReceived: Received message: {"Version":5,"MessageType":"TestSession.Message","Payload":{"MessageLevel":0,"Message":"[xUnit.net 00:00:01.10]         D:\\LabWebApp\\DAL\\Repositories\\AddressRepository.cs(19,0): at DAL.Repositories.AddressRepository.GetById(Nullable`1 id)"}}
TpTrace Verbose: 0 : 21728, 4, 2021/10/06, 19:07:46.767, 1175960258794, vstest.console.dll, TestRunRequest:SendTestRunMessage: Starting.
TpTrace Information: 0 : 21728, 4, 2021/10/06, 19:07:46.767, 1175960259085, vstest.console.dll, TestRunRequest:SendTestRunMessage: Completed.
TpTrace Verbose: 0 : 21728, 4, 2021/10/06, 19:07:46.767, 1175960259289, vstest.console.dll, TcpClientExtensions.MessageLoopAsync: Polling on remoteEndPoint: 127.0.0.1:51660 localEndPoint: 127.0.0.1:51659
TpTrace Verbose: 0 : 21728, 4, 2021/10/06, 19:07:46.767, 1175960259852, vstest.console.dll, TcpClientExtensions.MessageLoopAsync: NotifyDataAvailable remoteEndPoint: 127.0.0.1:51660 localEndPoint: 127.0.0.1:51659
TpTrace Verbose: 0 : 21728, 4, 2021/10/06, 19:07:46.767, 1175960260197, vstest.console.dll, TestRequestSender.OnExecutionMessageReceived: Received message: {"Version":5,"MessageType":"TestSession.Message","Payload":{"MessageLevel":0,"Message":"[xUnit.net 00:00:01.10]         D:\\LabWebApp\\xUnitTestProject\\BLL\\Dto\\AddressDtoUnitTest.cs(27,0): at xUnitTestProject.BLL.Dto.AddressDtoUnitTest.GivenIds_WhenGetAddressById_ThenAddressIsReturned(Nullable`1 id, ApplicationDbContext context, AddressDto sut)"}}
TpTrace Verbose: 0 : 21728, 4, 2021/10/06, 19:07:46.767, 1175960260770, vstest.console.dll, TestRunRequest:SendTestRunMessage: Starting.
TpTrace Information: 0 : 21728, 4, 2021/10/06, 19:07:46.767, 1175960261071, vstest.console.dll, TestRunRequest:SendTestRunMessage: Completed.
TpTrace Verbose: 0 : 21728, 4, 2021/10/06, 19:07:46.767, 1175960261276, vstest.console.dll, TcpClientExtensions.MessageLoopAsync: Polling on remoteEndPoint: 127.0.0.1:51660 localEndPoint: 127.0.0.1:51659
TpTrace Verbose: 0 : 21728, 4, 2021/10/06, 19:07:46.767, 1175960261547, vstest.console.dll, TcpClientExtensions.MessageLoopAsync: NotifyDataAvailable remoteEndPoint: 127.0.0.1:51660 localEndPoint: 127.0.0.1:51659
TpTrace Verbose: 0 : 21728, 4, 2021/10/06, 19:07:46.767, 1175960261869, vstest.console.dll, TestRequestSender.OnExecutionMessageReceived: Received message: {"Version":5,"MessageType":"TestSession.Message","Payload":{"MessageLevel":0,"Message":"[xUnit.net 00:00:01.10]         --- End of stack trace from previous location ---"}}
TpTrace Verbose: 0 : 21728, 4, 2021/10/06, 19:07:46.767, 1175960262394, vstest.console.dll, TestRunRequest:SendTestRunMessage: Starting.
TpTrace Information: 0 : 21728, 4, 2021/10/06, 19:07:46.767, 1175960262694, vstest.console.dll, TestRunRequest:SendTestRunMessage: Completed.
TpTrace Verbose: 0 : 21728, 4, 2021/10/06, 19:07:46.767, 1175960262897, vstest.console.dll, TcpClientExtensions.MessageLoopAsync: Polling on remoteEndPoint: 127.0.0.1:51660 localEndPoint: 127.0.0.1:51659
TpTrace Verbose: 0 : 21728, 4, 2021/10/06, 19:07:46.770, 1175960286861, vstest.console.dll, TcpClientExtensions.MessageLoopAsync: NotifyDataAvailable remoteEndPoint: 127.0.0.1:51660 localEndPoint: 127.0.0.1:51659
TpTrace Verbose: 0 : 21728, 4, 2021/10/06, 19:07:46.770, 1175960287202, vstest.console.dll, TestRequestSender.OnExecutionMessageReceived: Received message: {"Version":5,"MessageType":"TestSession.Message","Payload":{"MessageLevel":0,"Message":"[xUnit.net 00:00:01.10]   Finished:    xUnitTestProject"}}
TpTrace Verbose: 0 : 21728, 4, 2021/10/06, 19:07:46.770, 1175960287761, vstest.console.dll, TestRunRequest:SendTestRunMessage: Starting.
TpTrace Information: 0 : 21728, 4, 2021/10/06, 19:07:46.770, 1175960288074, vstest.console.dll, TestRunRequest:SendTestRunMessage: Completed.
TpTrace Verbose: 0 : 21728, 4, 2021/10/06, 19:07:46.770, 1175960288280, vstest.console.dll, TcpClientExtensions.MessageLoopAsync: Polling on remoteEndPoint: 127.0.0.1:51660 localEndPoint: 127.0.0.1:51659
TpTrace Verbose: 0 : 21728, 4, 2021/10/06, 19:07:46.782, 1175960404995, vstest.console.dll, TcpClientExtensions.MessageLoopAsync: NotifyDataAvailable remoteEndPoint: 127.0.0.1:51660 localEndPoint: 127.0.0.1:51659
TpTrace Verbose: 0 : 21728, 4, 2021/10/06, 19:07:46.782, 1175960406207, vstest.console.dll, TestRequestSender.OnExecutionMessageReceived: Received message: {"Version":5,"MessageType":"TestExecution.Completed","Payload":{"TestRunCompleteArgs":{"TestRunStatistics":{"ExecutedTests":20,"Stats":{"Passed":19,"Failed":1}},"IsCanceled":false,"IsAborted":false,"Error":null,"AttachmentSets":[],"ElapsedTimeInRunningTests":"00:00:01.1159969","Metrics":{}},"LastRunTests":{"NewTestResults":[{"TestCase":{"Id":"2508c778-d576-e836-c8c5-d481aa32b54d","FullyQualifiedName":"xUnitTestProject.BLL.Services.ValidatorServiceUnitTest.GivenPhoneNumberString_WhenIsValidPhoneNumber_ThenBoolResultReturned","DisplayName":"xUnitTestProject.BLL.Services.ValidatorServiceUnitTest.GivenPhoneNumberString_WhenIsValidPhoneNumber_ThenBoolResultReturned(phoneNumber: \"123-456-78\", expected: True)","ExecutorUri":"executor://xunit/VsTestRunner2/netcoreapp","Source":"D:\\LabWebApp\\xUnitTestProject\\bin\\Debug\\net5.0\\fine-code-coverage\\build-output\\xUnitTestProject.dll","CodeFilePath":null,"LineNumber":0,"Properties":[]},"Attachments":[],"Outcome":1,"ErrorMessage":null,"ErrorStackTrace":null,"DisplayName":"xUnitTestProject.BLL.Services.ValidatorServiceUnitTest.GivenPhoneNumberString_WhenIsValidPhoneNumber_ThenBoolResultReturned(phoneNumber: \"123-456-78\", expected: True)","Messages":[],"ComputerName":"WSB-251-72","Duration":"00:00:00.0000061","StartTime":"2021-10-06T16:07:46.5560857+00:00","EndTime":"2021-10-06T16:07:46.5560862+00:00","Properties":[]},{"TestCase":{"Id":"4c6a5383-63bc-041d-4150-1ad5603bbf64","FullyQualifiedName":"xUnitTestProject.BLL.Services.ValidatorServiceUnitTest.GivenPhoneNumberString_WhenIsValidPhoneNumber_ThenBoolResultReturned","DisplayName":"xUnitTestProject.BLL.Services.ValidatorServiceUnitTest.GivenPhoneNumberString_WhenIsValidPhoneNumber_ThenBoolResultReturned(phoneNumber: \"12345678\", expected: True)","ExecutorUri":"executor://xunit/VsTestRunner2/netcoreapp","Source":"D:\\LabWebApp\\xUnitTestProject\\bin\\Debug\\net5.0\\fine-code-coverage\\build-output\\xUnitTestProject.dll","CodeFilePath":null,"LineNumber":0,"Properties":[]},"Attachments":[],"Outcome":1,"ErrorMessage":null,"ErrorStackTrace":null,"DisplayName":"xUnitTestProject.BLL.Services.ValidatorServiceUnitTest.GivenPhoneNumberString_WhenIsValidPhoneNumber_ThenBoolResultReturned(phoneNumber: \"12345678\", expected: True)","Messages":[],"ComputerName":"WSB-251-72","Duration":"00:00:00.0000408","StartTime":"2021-10-06T16:07:46.5576367+00:00","EndTime":"2021-10-06T16:07:46.5576372+00:00","Properties":[]},{"TestCase":{"Id":"9f96734e-273e-0cc5-35d4-ce964d642c08","FullyQualifiedName":"xUnitTestProject.BLL.Dto.AddressDtoUnitTest.GivenIds_WhenGetAddressById_ThenAddressIsReturned","DisplayName":"xUnitTestProject.BLL.Dto.AddressDtoUnitTest.GivenIds_WhenGetAddressById_ThenAddressIsReturned","ExecutorUri":"executor://xunit/VsTestRunner2/netcoreapp","Source":"D:\\LabWebApp\\xUnitTestProject\\bin\\Debug\\net5.0\\fine-code-coverage\\build-output\\xUnitTestProject.dll","CodeFilePath":null,"LineNumber":0,"Properties":[]},"Attachments":[],"Outcome":2,"ErrorMessage":"System.NotImplementedException : The method or operation is not implemented.","ErrorStackTrace":"   at Microsoft.EntityFrameworkCore.DbSet`1.System.Linq.IQueryable.get_Provider()\r\n   at Microsoft.EntityFrameworkCore.EntityFrameworkQueryableExtensions.AsNoTracking[TEntity](IQueryable`1 source)\r\n   at DAL.Repositories.AddressRepository.GetById(Nullable`1 id) in D:\\LabWebApp\\DAL\\Repositories\\AddressRepository.cs:line 19\r\n   at xUnitTestProject.BLL.Dto.AddressDtoUnitTest.GivenIds_WhenGetAddressById_ThenAddressIsReturned(Nullable`1 id, ApplicationDbContext context, AddressDto sut) in D:\\LabWebApp\\xUnitTestProject\\BLL\\Dto\\AddressDtoUnitTest.cs:line 27\r\n--- End of stack trace from previous location ---","DisplayName":"xUnitTestProject.BLL.Dto.AddressDtoUnitTest.GivenIds_WhenGetAddressById_ThenAddressIsReturned(id: 135, context: DAL.Data.ApplicationDbContext, sut: AddressDto { })","Messages":[],"ComputerName":"WSB-251-72","Duration":"00:00:00.0017019","StartTime":"2021-10-06T16:07:46.7683967+00:00","EndTime":"2021-10-06T16:07:46.7683976+00:00","Properties":[]}],"TestRunStatistics":{"ExecutedTests":20,"Stats":{"Passed":19,"Failed":1}},"ActiveTests":[]},"RunAttachments":[],"ExecutorUris":["executor://xunit/VsTestRunner2/netcoreapp"]}}
TpTrace Verbose: 0 : 21728, 4, 2021/10/06, 19:07:46.782, 1175960407969, vstest.console.dll, TestRequestSender.EndSession: Sending end session.
TpTrace Verbose: 0 : 21728, 4, 2021/10/06, 19:07:46.782, 1175960408827, vstest.console.dll, ProxyOperationManager.Close: waiting for test host to exit for 100 ms
TpTrace Warning: 0 : 21728, 10, 2021/10/06, 19:07:46.804, 1175960629123, vstest.console.dll, TestHostManagerCallbacks.ErrorReceivedCallback Test host standard error line: 
TpTrace Verbose: 0 : 21728, 7, 2021/10/06, 19:07:46.844, 1175961026134, vstest.console.dll, TestHostProvider.ExitCallBack: Host exited starting callback.
TpTrace Information: 0 : 21728, 7, 2021/10/06, 19:07:46.844, 1175961030202, vstest.console.dll, TestHostManagerCallbacks.ExitCallBack: Testhost processId: 11512 exited with exitcode: 0 error: ''
TpTrace Verbose: 0 : 21728, 7, 2021/10/06, 19:07:46.844, 1175961030644, vstest.console.dll, DotnetTestHostManager.OnHostExited: invoking OnHostExited callback
TpTrace Verbose: 0 : 21728, 7, 2021/10/06, 19:07:46.844, 1175961031086, vstest.console.dll, CrossPlatEngine.TestHostManagerHostExited: calling on client process exit callback.
TpTrace Information: 0 : 21728, 7, 2021/10/06, 19:07:46.844, 1175961031475, vstest.console.dll, TestRequestSender.OnClientProcessExit: Test host process exited. Standard error: 
TpTrace Information: 0 : 21728, 7, 2021/10/06, 19:07:46.844, 1175961031788, vstest.console.dll, SocketServer.Stop: Stop server endPoint: 127.0.0.1:51659
TpTrace Warning: 0 : 21728, 4, 2021/10/06, 19:07:46.844, 1175961031825, vstest.console.dll, ProxyOperationManager: Timed out waiting for test host to exit. Will terminate process.
TpTrace Information: 0 : 21728, 7, 2021/10/06, 19:07:46.844, 1175961031986, vstest.console.dll, SocketServer.Stop: Cancellation requested. Stopping message loop.
TpTrace Verbose: 0 : 21728, 4, 2021/10/06, 19:07:46.845, 1175961036199, vstest.console.dll, ProxyDataCollectionManager.InvokeDataCollectionServiceAction: Starting.
TpTrace Information: 0 : 21728, 4, 2021/10/06, 19:07:46.845, 1175961036566, vstest.console.dll, ProxyDataCollectionManager.AfterTestRunEnd: Get attachment set for datacollector processId: 12748 port: 51656
TpTrace Verbose: 0 : 21728, 4, 2021/10/06, 19:07:46.845, 1175961036923, vstest.console.dll, DataCollectionRequestSender.SendAfterTestRunStartAndGetResult : Send AfterTestRunEnd message with isCancelled: False
TpTrace Verbose: 0 : 21728, 4, 2021/10/06, 19:07:46.848, 1175961066465, vstest.console.dll, DataCollectionRequestSender.SendAfterTestRunStartAndGetResult : Received message: (DataCollection.AfterTestRunEndResult) -> {
  "AttachmentSets": [],
  "Metrics": {}
}
TpTrace Information: 0 : 21728, 4, 2021/10/06, 19:07:46.850, 1175961083192, vstest.console.dll, ProxyDataCollectionManager.InvokeDataCollectionServiceAction: Completed.
TpTrace Warning: 0 : 21728, 9, 2021/10/06, 19:07:46.852, 1175961105290, vstest.console.dll, DataCollectionLauncher.ErrorReceivedCallback datacollector standard error line: 
TpTrace Information: 0 : 21728, 7, 2021/10/06, 19:07:46.855, 1175961136451, vstest.console.dll, DataCollectionLauncher.ExitCallBack: Data collector exited with exitcode: 0 error: ''
TpTrace Verbose: 0 : 21728, 4, 2021/10/06, 19:07:46.863, 1175961219555, vstest.console.dll, TestRunRequest:SendTestRunStatsChange: Starting.
TpTrace Information: 0 : 21728, 4, 2021/10/06, 19:07:46.863, 1175961220139, vstest.console.dll, TestRunRequest:SendTestRunStatsChange: Completed.
TpTrace Verbose: 0 : 21728, 4, 2021/10/06, 19:07:46.863, 1175961221241, vstest.console.dll, ParallelProxyExecutionManager: HandlePartialRunComplete: Total completed clients = 1, Run complete = True, Run canceled: False.
TpTrace Verbose: 0 : 21728, 4, 2021/10/06, 19:07:46.880, 1175961383798, vstest.console.dll, TestRunRequest:TestRunComplete: Starting. IsAborted:False IsCanceled:False.
TpTrace Verbose: 0 : 21728, 4, 2021/10/06, 19:07:46.880, 1175961384956, vstest.console.dll, TestLoggerManager.HandleTestRunComplete: Ignoring as the object is disposed.
TpTrace Information: 0 : 21728, 4, 2021/10/06, 19:07:46.880, 1175961386582, vstest.console.dll, TestRunRequest:TestRunComplete: Completed.
TpTrace Verbose: 0 : 21728, 4, 2021/10/06, 19:07:46.880, 1175961386926, vstest.console.dll, TestRequestSender.SetOperationComplete: Setting operation complete.
TpTrace Verbose: 0 : 21728, 1, 2021/10/06, 19:07:46.880, 1175961387005, vstest.console.dll, TestRunRequest.Dispose: Starting.
TpTrace Information: 0 : 21728, 1, 2021/10/06, 19:07:46.880, 1175961387520, vstest.console.dll, TestRunRequest.Dispose: Completed.
TpTrace Information: 0 : 21728, 4, 2021/10/06, 19:07:46.880, 1175961387177, vstest.console.dll, SocketServer.Stop: Stop server endPoint: 127.0.0.1:51659
TpTrace Information: 0 : 21728, 4, 2021/10/06, 19:07:46.880, 1175961388209, vstest.console.dll, SocketServer.Stop: Cancellation requested. Stopping message loop.
TpTrace Information: 0 : 21728, 1, 2021/10/06, 19:07:46.880, 1175961387867, vstest.console.dll, TestRequestManager.RunTests: run tests completed.
TpTrace Information: 0 : 21728, 4, 2021/10/06, 19:07:46.880, 1175961388541, vstest.console.dll, SocketServer.PrivateStop: Stop server endPoint: 127.0.0.1:51659 error: 
TpTrace Information: 0 : 21728, 1, 2021/10/06, 19:07:46.880, 1175961389172, vstest.console.dll, RunTestsArgumentProcessor:Execute: Test run is completed.
TpTrace Verbose: 0 : 21728, 1, 2021/10/06, 19:07:46.880, 1175961390377, vstest.console.dll, Executor.Execute: Exiting with exit code of 1
TpTrace Verbose: 0 : 21728, 4, 2021/10/06, 19:07:46.880, 1175961392654, vstest.console.dll, LengthPrefixCommunicationChannel.Dispose: Dispose reader and writer.
TpTrace Information: 0 : 21728, 4, 2021/10/06, 19:07:46.881, 1175961393285, vstest.console.dll, SocketServer.Stop: Raise disconnected event endPoint: 127.0.0.1:51659 error: 
TpTrace Verbose: 0 : 21728, 4, 2021/10/06, 19:07:46.881, 1175961393728, vstest.console.dll, TestRequestSender: OnTestRunAbort: Operation is already complete. Skip error message.
TpTrace Verbose: 0 : 21728, 4, 2021/10/06, 19:07:46.881, 1175961393962, vstest.console.dll, TcpClientExtensions.MessageLoopAsync: exiting MessageLoopAsync remoteEndPoint: 127.0.0.1:51660 localEndPoint: 127.0.0.1:51659
